INFO:************* START TASK *************
INFO:************* Before executing workflow!!*************
INFO:************************* currentProbability > probability *****************************************
INFO:pick: 1| patientId: 1| ratio: 0.75| QoS Requirement: CostQoS
INFO:ratio: 0.75| valueProbability: 0.0| probability: 0.5185033062845794
INFO:currentProbability (ratio + valueProbability): 0.75
INFO:-> invokeCompositeService
INFO:************* After executing workflow!! *************
INFO:************* START TASK *************
INFO:************* Before executing workflow!!*************
INFO:************************* currentProbability > probability *****************************************
INFO:pick: 1| patientId: 1| ratio: 0.75| QoS Requirement: PreferencesQoS
INFO:ratio: 0.75| valueProbability: 0.0| probability: 0.16070027021648958
INFO:currentProbability (ratio + valueProbability): 0.75
INFO:-> invokeCompositeService
INFO:************* After executing workflow!! *************
INFO:************* START TASK *************
INFO:************* Before executing workflow!!*************
INFO:***************************** currentProbability <= probability ****************************************
INFO:valueProbability: 0.75| probability: 0.8555188178206402
INFO:valueProbability = valueProbability + ratio
INFO:************************* currentProbability > probability *****************************************
INFO:pick: 2| patientId: 1| ratio: 0.25| QoS Requirement: PreferencesQoS
INFO:ratio: 0.25| valueProbability: 0.75| probability: 0.8555188178206402
INFO:currentProbability (ratio + valueProbability): 1.0
INFO:-> invokeCompositeService
INFO:************* After executing workflow!! *************
INFO:************* START TASK *************
INFO:************* Before executing workflow!!*************
INFO:************************* currentProbability > probability *****************************************
INFO:pick: 1| patientId: 1| ratio: 0.75| QoS Requirement: PreferencesQoS
INFO:ratio: 0.75| valueProbability: 0.0| probability: 0.06768071825606492
INFO:currentProbability (ratio + valueProbability): 0.75
INFO:-> invokeCompositeService
INFO:************* After executing workflow!! *************
INFO:************* START TASK *************
INFO:************* Before executing workflow!!*************
INFO:***************************** currentProbability <= probability ****************************************
INFO:valueProbability: 0.75| probability: 0.9331776463296373
INFO:valueProbability = valueProbability + ratio
INFO:************************* currentProbability > probability *****************************************
INFO:pick: 2| patientId: 1| ratio: 0.25| QoS Requirement: PreferencesQoS
INFO:ratio: 0.25| valueProbability: 0.75| probability: 0.9331776463296373
INFO:currentProbability (ratio + valueProbability): 1.0
INFO:-> invokeCompositeService
INFO:************* After executing workflow!! *************
INFO:************* START TASK *************
INFO:************* Before executing workflow!!*************
INFO:************************* currentProbability > probability *****************************************
INFO:pick: 1| patientId: 1| ratio: 0.75| QoS Requirement: PreferencesQoS
INFO:ratio: 0.75| valueProbability: 0.0| probability: 0.041095870795216816
INFO:currentProbability (ratio + valueProbability): 0.75
INFO:-> invokeCompositeService
INFO:************* After executing workflow!! *************
INFO:************* START TASK *************
INFO:************* Before executing workflow!!*************
INFO:***************************** currentProbability <= probability ****************************************
INFO:valueProbability: 0.75| probability: 0.9267118000937339
INFO:valueProbability = valueProbability + ratio
INFO:************************* currentProbability > probability *****************************************
INFO:pick: 2| patientId: 1| ratio: 0.25| QoS Requirement: ReliabilityQoS
INFO:ratio: 0.25| valueProbability: 0.75| probability: 0.9267118000937339
INFO:currentProbability (ratio + valueProbability): 1.0
INFO:-> invokeCompositeService
INFO:************* After executing workflow!! *************
INFO:************* START TASK *************
INFO:************* Before executing workflow!!*************
INFO:************************* currentProbability > probability *****************************************
INFO:pick: 1| patientId: 1| ratio: 0.75| QoS Requirement: ReliabilityQoS
INFO:ratio: 0.75| valueProbability: 0.0| probability: 0.5663280539575106
INFO:currentProbability (ratio + valueProbability): 0.75
INFO:-> invokeCompositeService
INFO:************* After executing workflow!! *************
INFO:************* START TASK *************
INFO:************* Before executing workflow!!*************
INFO:***************************** currentProbability <= probability ****************************************
INFO:valueProbability: 0.75| probability: 0.8984039955126745
INFO:valueProbability = valueProbability + ratio
INFO:************************* currentProbability > probability *****************************************
INFO:pick: 2| patientId: 1| ratio: 0.25| QoS Requirement: ReliabilityQoS
INFO:ratio: 0.25| valueProbability: 0.75| probability: 0.8984039955126745
INFO:currentProbability (ratio + valueProbability): 1.0
INFO:-> invokeCompositeService
INFO:************* After executing workflow!! *************
INFO:************* START TASK *************
INFO:************* Before executing workflow!!*************
INFO:************************* currentProbability > probability *****************************************
INFO:pick: 1| patientId: 1| ratio: 0.75| QoS Requirement: ReliabilityQoS
INFO:ratio: 0.75| valueProbability: 0.0| probability: 0.29150942465038887
INFO:currentProbability (ratio + valueProbability): 0.75
INFO:-> invokeCompositeService
INFO:************* After executing workflow!! *************
INFO:************* START TASK *************
INFO:************* Before executing workflow!!*************
INFO:***************************** currentProbability <= probability ****************************************
INFO:valueProbability: 0.75| probability: 0.8250231759962168
INFO:valueProbability = valueProbability + ratio
INFO:************************* currentProbability > probability *****************************************
INFO:pick: 2| patientId: 1| ratio: 0.25| QoS Requirement: ReliabilityQoS
INFO:ratio: 0.25| valueProbability: 0.75| probability: 0.8250231759962168
INFO:currentProbability (ratio + valueProbability): 1.0
INFO:-> invokeCompositeService
INFO:************* After executing workflow!! *************
INFO:************* START TASK *************
INFO:************* Before executing workflow!!*************
INFO:************************* currentProbability > probability *****************************************
INFO:pick: 1| patientId: 1| ratio: 0.75| QoS Requirement: ReliabilityQoS
INFO:ratio: 0.75| valueProbability: 0.0| probability: 0.19871724255197776
INFO:currentProbability (ratio + valueProbability): 0.75
INFO:-> invokeCompositeService
INFO:************* After executing workflow!! *************
INFO:************* START TASK *************
INFO:************* Before executing workflow!!*************
INFO:***************************** currentProbability <= probability ****************************************
INFO:valueProbability: 0.75| probability: 0.928769529465862
INFO:valueProbability = valueProbability + ratio
INFO:************************* currentProbability > probability *****************************************
INFO:pick: 2| patientId: 1| ratio: 0.25| QoS Requirement: CostQoS
INFO:ratio: 0.25| valueProbability: 0.75| probability: 0.928769529465862
INFO:currentProbability (ratio + valueProbability): 1.0
INFO:-> invokeCompositeService
INFO:************* After executing workflow!! *************
