INFO:************* START TASK *************
INFO:************* Before executing workflow!!*************
INFO:************************* currentProbability > probability *****************************************
INFO:pick: 1| patientId: 1| ratio: 0.75| QoS Requirement: CostQoS
INFO:ratio: 0.75| valueProbability: 0.0| probability: 0.09255150195118178
INFO:currentProbability (ratio + valueProbability): 0.75
INFO:-> invokeCompositeService
INFO:************************* currentProbability > probability *****************************************
INFO:pick: 1| patientId: 1| ratio: 0.75| QoS Requirement: CostQoS
INFO:ratio: 0.75| valueProbability: 0.0| probability: 0.7192171428332143
INFO:currentProbability (ratio + valueProbability): 0.75
INFO:-> invokeCompositeService
INFO:************************* currentProbability > probability *****************************************
INFO:pick: 1| patientId: 1| ratio: 0.75| QoS Requirement: CostQoS
INFO:ratio: 0.75| valueProbability: 0.0| probability: 0.48078426007386277
INFO:currentProbability (ratio + valueProbability): 0.75
INFO:-> invokeCompositeService
INFO:************************* currentProbability > probability *****************************************
INFO:pick: 1| patientId: 1| ratio: 0.75| QoS Requirement: CostQoS
INFO:ratio: 0.75| valueProbability: 0.0| probability: 0.3967968530652436
INFO:currentProbability (ratio + valueProbability): 0.75
INFO:-> invokeCompositeService
INFO:************************* currentProbability > probability *****************************************
INFO:pick: 1| patientId: 1| ratio: 0.75| QoS Requirement: CostQoS
INFO:ratio: 0.75| valueProbability: 0.0| probability: 0.1499656176042211
INFO:currentProbability (ratio + valueProbability): 0.75
INFO:-> invokeCompositeService
INFO:************************* currentProbability > probability *****************************************
INFO:pick: 1| patientId: 1| ratio: 0.75| QoS Requirement: CostQoS
INFO:ratio: 0.75| valueProbability: 0.0| probability: 0.6069107572222804
INFO:currentProbability (ratio + valueProbability): 0.75
INFO:-> invokeCompositeService
INFO:************************* currentProbability > probability *****************************************
INFO:pick: 1| patientId: 1| ratio: 0.75| QoS Requirement: CostQoS
INFO:ratio: 0.75| valueProbability: 0.0| probability: 0.010438098195648227
INFO:currentProbability (ratio + valueProbability): 0.75
INFO:-> invokeCompositeService
INFO:***************************** currentProbability <= probability ****************************************
INFO:valueProbability: 0.75| probability: 0.8053894638340319
INFO:valueProbability = valueProbability + ratio
INFO:************************* currentProbability > probability *****************************************
INFO:pick: 2| patientId: 1| ratio: 0.25| QoS Requirement: CostQoS
INFO:ratio: 0.25| valueProbability: 0.75| probability: 0.8053894638340319
INFO:currentProbability (ratio + valueProbability): 1.0
INFO:-> invokeCompositeService
INFO:************************* currentProbability > probability *****************************************
INFO:pick: 1| patientId: 1| ratio: 0.75| QoS Requirement: CostQoS
INFO:ratio: 0.75| valueProbability: 0.0| probability: 0.4337436622730654
INFO:currentProbability (ratio + valueProbability): 0.75
INFO:-> invokeCompositeService
INFO:***************************** currentProbability <= probability ****************************************
INFO:valueProbability: 0.75| probability: 0.7658517750486356
INFO:valueProbability = valueProbability + ratio
INFO:************************* currentProbability > probability *****************************************
INFO:pick: 2| patientId: 1| ratio: 0.25| QoS Requirement: CostQoS
INFO:ratio: 0.25| valueProbability: 0.75| probability: 0.7658517750486356
INFO:currentProbability (ratio + valueProbability): 1.0
INFO:-> invokeCompositeService
INFO:***************************** currentProbability <= probability ****************************************
INFO:valueProbability: 0.75| probability: 0.8468222903764093
INFO:valueProbability = valueProbability + ratio
INFO:************************* currentProbability > probability *****************************************
INFO:pick: 2| patientId: 1| ratio: 0.25| QoS Requirement: CostQoS
INFO:ratio: 0.25| valueProbability: 0.75| probability: 0.8468222903764093
INFO:currentProbability (ratio + valueProbability): 1.0
INFO:-> invokeCompositeService
INFO:************************* currentProbability > probability *****************************************
INFO:pick: 1| patientId: 1| ratio: 0.75| QoS Requirement: CostQoS
INFO:ratio: 0.75| valueProbability: 0.0| probability: 0.06181794174733024
INFO:currentProbability (ratio + valueProbability): 0.75
INFO:-> invokeCompositeService
INFO:************************* currentProbability > probability *****************************************
INFO:pick: 1| patientId: 1| ratio: 0.75| QoS Requirement: CostQoS
INFO:ratio: 0.75| valueProbability: 0.0| probability: 0.6163205676697381
INFO:currentProbability (ratio + valueProbability): 0.75
INFO:-> invokeCompositeService
INFO:************************* currentProbability > probability *****************************************
INFO:pick: 1| patientId: 1| ratio: 0.75| QoS Requirement: CostQoS
INFO:ratio: 0.75| valueProbability: 0.0| probability: 0.28669423870029986
INFO:currentProbability (ratio + valueProbability): 0.75
INFO:-> invokeCompositeService
INFO:************************* currentProbability > probability *****************************************
INFO:pick: 1| patientId: 1| ratio: 0.75| QoS Requirement: CostQoS
INFO:ratio: 0.75| valueProbability: 0.0| probability: 0.7043116239071968
INFO:currentProbability (ratio + valueProbability): 0.75
INFO:-> invokeCompositeService
INFO:************************* currentProbability > probability *****************************************
INFO:pick: 1| patientId: 1| ratio: 0.75| QoS Requirement: CostQoS
INFO:ratio: 0.75| valueProbability: 0.0| probability: 0.17770815757720548
INFO:currentProbability (ratio + valueProbability): 0.75
INFO:-> invokeCompositeService
INFO:************************* currentProbability > probability *****************************************
INFO:pick: 1| patientId: 1| ratio: 0.75| QoS Requirement: CostQoS
INFO:ratio: 0.75| valueProbability: 0.0| probability: 0.19544336010176266
INFO:currentProbability (ratio + valueProbability): 0.75
INFO:-> invokeCompositeService
INFO:************************* currentProbability > probability *****************************************
INFO:pick: 1| patientId: 1| ratio: 0.75| QoS Requirement: CostQoS
INFO:ratio: 0.75| valueProbability: 0.0| probability: 0.6911934146144975
INFO:currentProbability (ratio + valueProbability): 0.75
INFO:-> invokeCompositeService
INFO:************************* currentProbability > probability *****************************************
INFO:pick: 1| patientId: 1| ratio: 0.75| QoS Requirement: CostQoS
INFO:ratio: 0.75| valueProbability: 0.0| probability: 0.5158743829104928
INFO:currentProbability (ratio + valueProbability): 0.75
INFO:-> invokeCompositeService
INFO:***************************** currentProbability <= probability ****************************************
INFO:valueProbability: 0.75| probability: 0.7846672425062582
INFO:valueProbability = valueProbability + ratio
INFO:************************* currentProbability > probability *****************************************
INFO:pick: 2| patientId: 1| ratio: 0.25| QoS Requirement: CostQoS
INFO:ratio: 0.25| valueProbability: 0.75| probability: 0.7846672425062582
INFO:currentProbability (ratio + valueProbability): 1.0
INFO:-> invokeCompositeService
INFO:************************* currentProbability > probability *****************************************
INFO:pick: 1| patientId: 1| ratio: 0.75| QoS Requirement: CostQoS
INFO:ratio: 0.75| valueProbability: 0.0| probability: 0.09667121597167705
INFO:currentProbability (ratio + valueProbability): 0.75
INFO:-> invokeCompositeService
INFO:************************* currentProbability > probability *****************************************
INFO:pick: 1| patientId: 1| ratio: 0.75| QoS Requirement: CostQoS
INFO:ratio: 0.75| valueProbability: 0.0| probability: 0.2828188531987278
INFO:currentProbability (ratio + valueProbability): 0.75
INFO:-> invokeCompositeService
INFO:************************* currentProbability > probability *****************************************
INFO:pick: 1| patientId: 1| ratio: 0.75| QoS Requirement: CostQoS
INFO:ratio: 0.75| valueProbability: 0.0| probability: 0.004609115201227976
INFO:currentProbability (ratio + valueProbability): 0.75
INFO:-> invokeCompositeService
INFO:***************************** currentProbability <= probability ****************************************
INFO:valueProbability: 0.75| probability: 0.9673801630060539
INFO:valueProbability = valueProbability + ratio
INFO:************************* currentProbability > probability *****************************************
INFO:pick: 2| patientId: 1| ratio: 0.25| QoS Requirement: CostQoS
INFO:ratio: 0.25| valueProbability: 0.75| probability: 0.9673801630060539
INFO:currentProbability (ratio + valueProbability): 1.0
INFO:-> invokeCompositeService
INFO:************************* currentProbability > probability *****************************************
INFO:pick: 1| patientId: 1| ratio: 0.75| QoS Requirement: CostQoS
INFO:ratio: 0.75| valueProbability: 0.0| probability: 0.06313872593681025
INFO:currentProbability (ratio + valueProbability): 0.75
INFO:-> invokeCompositeService
INFO:************************* currentProbability > probability *****************************************
INFO:pick: 1| patientId: 1| ratio: 0.75| QoS Requirement: CostQoS
INFO:ratio: 0.75| valueProbability: 0.0| probability: 0.553040181100422
INFO:currentProbability (ratio + valueProbability): 0.75
INFO:-> invokeCompositeService
INFO:************************* currentProbability > probability *****************************************
INFO:pick: 1| patientId: 1| ratio: 0.75| QoS Requirement: CostQoS
INFO:ratio: 0.75| valueProbability: 0.0| probability: 0.6228819017045549
INFO:currentProbability (ratio + valueProbability): 0.75
INFO:-> invokeCompositeService
INFO:***************************** currentProbability <= probability ****************************************
INFO:valueProbability: 0.75| probability: 0.7518813241649461
INFO:valueProbability = valueProbability + ratio
INFO:************************* currentProbability > probability *****************************************
INFO:pick: 2| patientId: 1| ratio: 0.25| QoS Requirement: CostQoS
INFO:ratio: 0.25| valueProbability: 0.75| probability: 0.7518813241649461
INFO:currentProbability (ratio + valueProbability): 1.0
INFO:-> invokeCompositeService
INFO:************************* currentProbability > probability *****************************************
INFO:pick: 1| patientId: 1| ratio: 0.75| QoS Requirement: CostQoS
INFO:ratio: 0.75| valueProbability: 0.0| probability: 0.08725115009489415
INFO:currentProbability (ratio + valueProbability): 0.75
INFO:-> invokeCompositeService
INFO:************************* currentProbability > probability *****************************************
INFO:pick: 1| patientId: 1| ratio: 0.75| QoS Requirement: CostQoS
INFO:ratio: 0.75| valueProbability: 0.0| probability: 0.33667552401170386
INFO:currentProbability (ratio + valueProbability): 0.75
INFO:-> invokeCompositeService
INFO:************************* currentProbability > probability *****************************************
INFO:pick: 1| patientId: 1| ratio: 0.75| QoS Requirement: CostQoS
INFO:ratio: 0.75| valueProbability: 0.0| probability: 0.7431278049488832
INFO:currentProbability (ratio + valueProbability): 0.75
INFO:-> invokeCompositeService
INFO:************************* currentProbability > probability *****************************************
INFO:pick: 1| patientId: 1| ratio: 0.75| QoS Requirement: CostQoS
INFO:ratio: 0.75| valueProbability: 0.0| probability: 0.2788174236082177
INFO:currentProbability (ratio + valueProbability): 0.75
INFO:-> invokeCompositeService
INFO:************************* currentProbability > probability *****************************************
INFO:pick: 1| patientId: 1| ratio: 0.75| QoS Requirement: CostQoS
INFO:ratio: 0.75| valueProbability: 0.0| probability: 0.34308242252464594
INFO:currentProbability (ratio + valueProbability): 0.75
INFO:-> invokeCompositeService
INFO:************************* currentProbability > probability *****************************************
INFO:pick: 1| patientId: 1| ratio: 0.75| QoS Requirement: CostQoS
INFO:ratio: 0.75| valueProbability: 0.0| probability: 0.34035622181399794
INFO:currentProbability (ratio + valueProbability): 0.75
INFO:-> invokeCompositeService
INFO:************************* currentProbability > probability *****************************************
INFO:pick: 1| patientId: 1| ratio: 0.75| QoS Requirement: CostQoS
INFO:ratio: 0.75| valueProbability: 0.0| probability: 0.20410666785531328
INFO:currentProbability (ratio + valueProbability): 0.75
INFO:-> invokeCompositeService
INFO:************************* currentProbability > probability *****************************************
INFO:pick: 1| patientId: 1| ratio: 0.75| QoS Requirement: CostQoS
INFO:ratio: 0.75| valueProbability: 0.0| probability: 0.26280549612925963
INFO:currentProbability (ratio + valueProbability): 0.75
INFO:-> invokeCompositeService
INFO:************************* currentProbability > probability *****************************************
INFO:pick: 1| patientId: 1| ratio: 0.75| QoS Requirement: CostQoS
INFO:ratio: 0.75| valueProbability: 0.0| probability: 0.5635985598459471
INFO:currentProbability (ratio + valueProbability): 0.75
INFO:-> invokeCompositeService
INFO:************************* currentProbability > probability *****************************************
INFO:pick: 1| patientId: 1| ratio: 0.75| QoS Requirement: CostQoS
INFO:ratio: 0.75| valueProbability: 0.0| probability: 0.13007624356508485
INFO:currentProbability (ratio + valueProbability): 0.75
INFO:-> invokeCompositeService
INFO:************************* currentProbability > probability *****************************************
INFO:pick: 1| patientId: 1| ratio: 0.75| QoS Requirement: CostQoS
INFO:ratio: 0.75| valueProbability: 0.0| probability: 0.3173802738022442
INFO:currentProbability (ratio + valueProbability): 0.75
INFO:-> invokeCompositeService
INFO:***************************** currentProbability <= probability ****************************************
INFO:valueProbability: 0.75| probability: 0.9415306891040073
INFO:valueProbability = valueProbability + ratio
INFO:************************* currentProbability > probability *****************************************
INFO:pick: 2| patientId: 1| ratio: 0.25| QoS Requirement: CostQoS
INFO:ratio: 0.25| valueProbability: 0.75| probability: 0.9415306891040073
INFO:currentProbability (ratio + valueProbability): 1.0
INFO:-> invokeCompositeService
INFO:************************* currentProbability > probability *****************************************
INFO:pick: 1| patientId: 1| ratio: 0.75| QoS Requirement: CostQoS
INFO:ratio: 0.75| valueProbability: 0.0| probability: 0.5734299169915282
INFO:currentProbability (ratio + valueProbability): 0.75
INFO:-> invokeCompositeService
INFO:************************* currentProbability > probability *****************************************
INFO:pick: 1| patientId: 1| ratio: 0.75| QoS Requirement: CostQoS
INFO:ratio: 0.75| valueProbability: 0.0| probability: 0.6569580236206223
INFO:currentProbability (ratio + valueProbability): 0.75
INFO:-> invokeCompositeService
INFO:************************* currentProbability > probability *****************************************
INFO:pick: 1| patientId: 1| ratio: 0.75| QoS Requirement: CostQoS
INFO:ratio: 0.75| valueProbability: 0.0| probability: 0.2210042590938811
INFO:currentProbability (ratio + valueProbability): 0.75
INFO:-> invokeCompositeService
INFO:************************* currentProbability > probability *****************************************
INFO:pick: 1| patientId: 1| ratio: 0.75| QoS Requirement: CostQoS
INFO:ratio: 0.75| valueProbability: 0.0| probability: 0.3520161431519643
INFO:currentProbability (ratio + valueProbability): 0.75
INFO:-> invokeCompositeService
INFO:************************* currentProbability > probability *****************************************
INFO:pick: 1| patientId: 1| ratio: 0.75| QoS Requirement: CostQoS
INFO:ratio: 0.75| valueProbability: 0.0| probability: 0.73576802180436
INFO:currentProbability (ratio + valueProbability): 0.75
INFO:-> invokeCompositeService
INFO:***************************** currentProbability <= probability ****************************************
INFO:valueProbability: 0.75| probability: 0.9247812426906903
INFO:valueProbability = valueProbability + ratio
INFO:************************* currentProbability > probability *****************************************
INFO:pick: 2| patientId: 1| ratio: 0.25| QoS Requirement: CostQoS
INFO:ratio: 0.25| valueProbability: 0.75| probability: 0.9247812426906903
INFO:currentProbability (ratio + valueProbability): 1.0
INFO:-> invokeCompositeService
INFO:************************* currentProbability > probability *****************************************
INFO:pick: 1| patientId: 1| ratio: 0.75| QoS Requirement: CostQoS
INFO:ratio: 0.75| valueProbability: 0.0| probability: 0.030904536538465366
INFO:currentProbability (ratio + valueProbability): 0.75
INFO:-> invokeCompositeService
INFO:************************* currentProbability > probability *****************************************
INFO:pick: 1| patientId: 1| ratio: 0.75| QoS Requirement: CostQoS
INFO:ratio: 0.75| valueProbability: 0.0| probability: 0.4365372195097831
INFO:currentProbability (ratio + valueProbability): 0.75
INFO:-> invokeCompositeService
INFO:************************* currentProbability > probability *****************************************
INFO:pick: 1| patientId: 1| ratio: 0.75| QoS Requirement: CostQoS
INFO:ratio: 0.75| valueProbability: 0.0| probability: 0.40106394539252477
INFO:currentProbability (ratio + valueProbability): 0.75
INFO:-> invokeCompositeService
INFO:************************* currentProbability > probability *****************************************
INFO:pick: 1| patientId: 1| ratio: 0.75| QoS Requirement: CostQoS
INFO:ratio: 0.75| valueProbability: 0.0| probability: 0.4584843439238788
INFO:currentProbability (ratio + valueProbability): 0.75
INFO:-> invokeCompositeService
INFO:************************* currentProbability > probability *****************************************
INFO:pick: 1| patientId: 1| ratio: 0.75| QoS Requirement: CostQoS
INFO:ratio: 0.75| valueProbability: 0.0| probability: 0.5851350442008647
INFO:currentProbability (ratio + valueProbability): 0.75
INFO:-> invokeCompositeService
INFO:************************* currentProbability > probability *****************************************
INFO:pick: 1| patientId: 1| ratio: 0.75| QoS Requirement: CostQoS
INFO:ratio: 0.75| valueProbability: 0.0| probability: 0.17694069852347782
INFO:currentProbability (ratio + valueProbability): 0.75
INFO:-> invokeCompositeService
INFO:************************* currentProbability > probability *****************************************
INFO:pick: 1| patientId: 1| ratio: 0.75| QoS Requirement: CostQoS
INFO:ratio: 0.75| valueProbability: 0.0| probability: 0.05555653438024988
INFO:currentProbability (ratio + valueProbability): 0.75
INFO:-> invokeCompositeService
INFO:***************************** currentProbability <= probability ****************************************
INFO:valueProbability: 0.75| probability: 0.8197633142213689
INFO:valueProbability = valueProbability + ratio
INFO:************************* currentProbability > probability *****************************************
INFO:pick: 2| patientId: 1| ratio: 0.25| QoS Requirement: CostQoS
INFO:ratio: 0.25| valueProbability: 0.75| probability: 0.8197633142213689
INFO:currentProbability (ratio + valueProbability): 1.0
INFO:-> invokeCompositeService
INFO:************************* currentProbability > probability *****************************************
INFO:pick: 1| patientId: 1| ratio: 0.75| QoS Requirement: CostQoS
INFO:ratio: 0.75| valueProbability: 0.0| probability: 0.7021898119127756
INFO:currentProbability (ratio + valueProbability): 0.75
INFO:-> invokeCompositeService
INFO:************************* currentProbability > probability *****************************************
INFO:pick: 1| patientId: 1| ratio: 0.75| QoS Requirement: CostQoS
INFO:ratio: 0.75| valueProbability: 0.0| probability: 0.6836695272809802
INFO:currentProbability (ratio + valueProbability): 0.75
INFO:-> invokeCompositeService
INFO:***************************** currentProbability <= probability ****************************************
INFO:valueProbability: 0.75| probability: 0.7592610893480949
INFO:valueProbability = valueProbability + ratio
INFO:************************* currentProbability > probability *****************************************
INFO:pick: 2| patientId: 1| ratio: 0.25| QoS Requirement: CostQoS
INFO:ratio: 0.25| valueProbability: 0.75| probability: 0.7592610893480949
INFO:currentProbability (ratio + valueProbability): 1.0
INFO:-> invokeCompositeService
INFO:************************* currentProbability > probability *****************************************
INFO:pick: 1| patientId: 1| ratio: 0.75| QoS Requirement: CostQoS
INFO:ratio: 0.75| valueProbability: 0.0| probability: 0.5340560907255744
INFO:currentProbability (ratio + valueProbability): 0.75
INFO:-> invokeCompositeService
INFO:***************************** currentProbability <= probability ****************************************
INFO:valueProbability: 0.75| probability: 0.7817688616974159
INFO:valueProbability = valueProbability + ratio
INFO:************************* currentProbability > probability *****************************************
INFO:pick: 2| patientId: 1| ratio: 0.25| QoS Requirement: CostQoS
INFO:ratio: 0.25| valueProbability: 0.75| probability: 0.7817688616974159
INFO:currentProbability (ratio + valueProbability): 1.0
INFO:-> invokeCompositeService
INFO:***************************** currentProbability <= probability ****************************************
INFO:valueProbability: 0.75| probability: 0.9245815977157322
INFO:valueProbability = valueProbability + ratio
INFO:************************* currentProbability > probability *****************************************
INFO:pick: 2| patientId: 1| ratio: 0.25| QoS Requirement: CostQoS
INFO:ratio: 0.25| valueProbability: 0.75| probability: 0.9245815977157322
INFO:currentProbability (ratio + valueProbability): 1.0
INFO:-> invokeCompositeService
INFO:************************* currentProbability > probability *****************************************
INFO:pick: 1| patientId: 1| ratio: 0.75| QoS Requirement: CostQoS
INFO:ratio: 0.75| valueProbability: 0.0| probability: 0.6358997919677124
INFO:currentProbability (ratio + valueProbability): 0.75
INFO:-> invokeCompositeService
INFO:************************* currentProbability > probability *****************************************
INFO:pick: 1| patientId: 1| ratio: 0.75| QoS Requirement: CostQoS
INFO:ratio: 0.75| valueProbability: 0.0| probability: 0.44261479567420325
INFO:currentProbability (ratio + valueProbability): 0.75
INFO:-> invokeCompositeService
INFO:************************* currentProbability > probability *****************************************
INFO:pick: 1| patientId: 1| ratio: 0.75| QoS Requirement: CostQoS
INFO:ratio: 0.75| valueProbability: 0.0| probability: 0.2648744014000324
INFO:currentProbability (ratio + valueProbability): 0.75
INFO:-> invokeCompositeService
INFO:************************* currentProbability > probability *****************************************
INFO:pick: 1| patientId: 1| ratio: 0.75| QoS Requirement: CostQoS
INFO:ratio: 0.75| valueProbability: 0.0| probability: 0.5686912406534173
INFO:currentProbability (ratio + valueProbability): 0.75
INFO:-> invokeCompositeService
INFO:************************* currentProbability > probability *****************************************
INFO:pick: 1| patientId: 1| ratio: 0.75| QoS Requirement: CostQoS
INFO:ratio: 0.75| valueProbability: 0.0| probability: 0.6313571332231398
INFO:currentProbability (ratio + valueProbability): 0.75
INFO:-> invokeCompositeService
INFO:************************* currentProbability > probability *****************************************
INFO:pick: 1| patientId: 1| ratio: 0.75| QoS Requirement: CostQoS
INFO:ratio: 0.75| valueProbability: 0.0| probability: 0.6740324258051957
INFO:currentProbability (ratio + valueProbability): 0.75
INFO:-> invokeCompositeService
INFO:***************************** currentProbability <= probability ****************************************
INFO:valueProbability: 0.75| probability: 0.9398399265167583
INFO:valueProbability = valueProbability + ratio
INFO:************************* currentProbability > probability *****************************************
INFO:pick: 2| patientId: 1| ratio: 0.25| QoS Requirement: CostQoS
INFO:ratio: 0.25| valueProbability: 0.75| probability: 0.9398399265167583
INFO:currentProbability (ratio + valueProbability): 1.0
INFO:-> invokeCompositeService
INFO:************************* currentProbability > probability *****************************************
INFO:pick: 1| patientId: 1| ratio: 0.75| QoS Requirement: CostQoS
INFO:ratio: 0.75| valueProbability: 0.0| probability: 0.24125049862610337
INFO:currentProbability (ratio + valueProbability): 0.75
INFO:-> invokeCompositeService
INFO:************************* currentProbability > probability *****************************************
INFO:pick: 1| patientId: 1| ratio: 0.75| QoS Requirement: CostQoS
INFO:ratio: 0.75| valueProbability: 0.0| probability: 0.4925954355667098
INFO:currentProbability (ratio + valueProbability): 0.75
INFO:-> invokeCompositeService
INFO:************************* currentProbability > probability *****************************************
INFO:pick: 1| patientId: 1| ratio: 0.75| QoS Requirement: CostQoS
INFO:ratio: 0.75| valueProbability: 0.0| probability: 0.1415043139387081
INFO:currentProbability (ratio + valueProbability): 0.75
INFO:-> invokeCompositeService
INFO:************************* currentProbability > probability *****************************************
INFO:pick: 1| patientId: 1| ratio: 0.75| QoS Requirement: CostQoS
INFO:ratio: 0.75| valueProbability: 0.0| probability: 0.3318716141914805
INFO:currentProbability (ratio + valueProbability): 0.75
INFO:-> invokeCompositeService
INFO:************************* currentProbability > probability *****************************************
INFO:pick: 1| patientId: 1| ratio: 0.75| QoS Requirement: CostQoS
INFO:ratio: 0.75| valueProbability: 0.0| probability: 0.3391262346314575
INFO:currentProbability (ratio + valueProbability): 0.75
INFO:-> invokeCompositeService
INFO:***************************** currentProbability <= probability ****************************************
INFO:valueProbability: 0.75| probability: 0.9355667862439188
INFO:valueProbability = valueProbability + ratio
INFO:************************* currentProbability > probability *****************************************
INFO:pick: 2| patientId: 1| ratio: 0.25| QoS Requirement: CostQoS
INFO:ratio: 0.25| valueProbability: 0.75| probability: 0.9355667862439188
INFO:currentProbability (ratio + valueProbability): 1.0
INFO:-> invokeCompositeService
INFO:************************* currentProbability > probability *****************************************
INFO:pick: 1| patientId: 1| ratio: 0.75| QoS Requirement: CostQoS
INFO:ratio: 0.75| valueProbability: 0.0| probability: 0.715269279376874
INFO:currentProbability (ratio + valueProbability): 0.75
INFO:-> invokeCompositeService
INFO:************************* currentProbability > probability *****************************************
INFO:pick: 1| patientId: 1| ratio: 0.75| QoS Requirement: CostQoS
INFO:ratio: 0.75| valueProbability: 0.0| probability: 0.44590804544651763
INFO:currentProbability (ratio + valueProbability): 0.75
INFO:-> invokeCompositeService
INFO:************************* currentProbability > probability *****************************************
INFO:pick: 1| patientId: 1| ratio: 0.75| QoS Requirement: CostQoS
INFO:ratio: 0.75| valueProbability: 0.0| probability: 0.43921901359017224
INFO:currentProbability (ratio + valueProbability): 0.75
INFO:-> invokeCompositeService
INFO:************************* currentProbability > probability *****************************************
INFO:pick: 1| patientId: 1| ratio: 0.75| QoS Requirement: CostQoS
INFO:ratio: 0.75| valueProbability: 0.0| probability: 0.268508903384407
INFO:currentProbability (ratio + valueProbability): 0.75
INFO:-> invokeCompositeService
INFO:***************************** currentProbability <= probability ****************************************
INFO:valueProbability: 0.75| probability: 0.9940886849786312
INFO:valueProbability = valueProbability + ratio
INFO:************************* currentProbability > probability *****************************************
INFO:pick: 2| patientId: 1| ratio: 0.25| QoS Requirement: CostQoS
INFO:ratio: 0.25| valueProbability: 0.75| probability: 0.9940886849786312
INFO:currentProbability (ratio + valueProbability): 1.0
INFO:-> invokeCompositeService
INFO:***************************** currentProbability <= probability ****************************************
INFO:valueProbability: 0.75| probability: 0.9460803649920746
INFO:valueProbability = valueProbability + ratio
INFO:************************* currentProbability > probability *****************************************
INFO:pick: 2| patientId: 1| ratio: 0.25| QoS Requirement: CostQoS
INFO:ratio: 0.25| valueProbability: 0.75| probability: 0.9460803649920746
INFO:currentProbability (ratio + valueProbability): 1.0
INFO:-> invokeCompositeService
INFO:************************* currentProbability > probability *****************************************
INFO:pick: 1| patientId: 1| ratio: 0.75| QoS Requirement: CostQoS
INFO:ratio: 0.75| valueProbability: 0.0| probability: 0.2477074778201097
INFO:currentProbability (ratio + valueProbability): 0.75
INFO:-> invokeCompositeService
INFO:************************* currentProbability > probability *****************************************
INFO:pick: 1| patientId: 1| ratio: 0.75| QoS Requirement: CostQoS
INFO:ratio: 0.75| valueProbability: 0.0| probability: 0.3161149968012491
INFO:currentProbability (ratio + valueProbability): 0.75
INFO:-> invokeCompositeService
INFO:***************************** currentProbability <= probability ****************************************
INFO:valueProbability: 0.75| probability: 0.9052865428130407
INFO:valueProbability = valueProbability + ratio
INFO:************************* currentProbability > probability *****************************************
INFO:pick: 2| patientId: 1| ratio: 0.25| QoS Requirement: CostQoS
INFO:ratio: 0.25| valueProbability: 0.75| probability: 0.9052865428130407
INFO:currentProbability (ratio + valueProbability): 1.0
INFO:-> invokeCompositeService
INFO:************************* currentProbability > probability *****************************************
INFO:pick: 1| patientId: 1| ratio: 0.75| QoS Requirement: CostQoS
INFO:ratio: 0.75| valueProbability: 0.0| probability: 0.4497824344737329
INFO:currentProbability (ratio + valueProbability): 0.75
INFO:-> invokeCompositeService
INFO:***************************** currentProbability <= probability ****************************************
INFO:valueProbability: 0.75| probability: 0.9841922765631781
INFO:valueProbability = valueProbability + ratio
INFO:************************* currentProbability > probability *****************************************
INFO:pick: 2| patientId: 1| ratio: 0.25| QoS Requirement: CostQoS
INFO:ratio: 0.25| valueProbability: 0.75| probability: 0.9841922765631781
INFO:currentProbability (ratio + valueProbability): 1.0
INFO:-> invokeCompositeService
INFO:************************* currentProbability > probability *****************************************
INFO:pick: 1| patientId: 1| ratio: 0.75| QoS Requirement: CostQoS
INFO:ratio: 0.75| valueProbability: 0.0| probability: 0.3504185219311542
INFO:currentProbability (ratio + valueProbability): 0.75
INFO:-> invokeCompositeService
INFO:************************* currentProbability > probability *****************************************
INFO:pick: 1| patientId: 1| ratio: 0.75| QoS Requirement: CostQoS
INFO:ratio: 0.75| valueProbability: 0.0| probability: 0.1997869597055022
INFO:currentProbability (ratio + valueProbability): 0.75
INFO:-> invokeCompositeService
INFO:***************************** currentProbability <= probability ****************************************
INFO:valueProbability: 0.75| probability: 0.9903362106216648
INFO:valueProbability = valueProbability + ratio
INFO:************************* currentProbability > probability *****************************************
INFO:pick: 2| patientId: 1| ratio: 0.25| QoS Requirement: CostQoS
INFO:ratio: 0.25| valueProbability: 0.75| probability: 0.9903362106216648
INFO:currentProbability (ratio + valueProbability): 1.0
INFO:-> invokeCompositeService
INFO:************************* currentProbability > probability *****************************************
INFO:pick: 1| patientId: 1| ratio: 0.75| QoS Requirement: CostQoS
INFO:ratio: 0.75| valueProbability: 0.0| probability: 0.07235176390138076
INFO:currentProbability (ratio + valueProbability): 0.75
INFO:-> invokeCompositeService
INFO:***************************** currentProbability <= probability ****************************************
INFO:valueProbability: 0.75| probability: 0.8758350484546169
INFO:valueProbability = valueProbability + ratio
INFO:************************* currentProbability > probability *****************************************
INFO:pick: 2| patientId: 1| ratio: 0.25| QoS Requirement: CostQoS
INFO:ratio: 0.25| valueProbability: 0.75| probability: 0.8758350484546169
INFO:currentProbability (ratio + valueProbability): 1.0
INFO:-> invokeCompositeService
INFO:************************* currentProbability > probability *****************************************
INFO:pick: 1| patientId: 1| ratio: 0.75| QoS Requirement: CostQoS
INFO:ratio: 0.75| valueProbability: 0.0| probability: 0.2767502395515705
INFO:currentProbability (ratio + valueProbability): 0.75
INFO:-> invokeCompositeService
INFO:***************************** currentProbability <= probability ****************************************
INFO:valueProbability: 0.75| probability: 0.8594644348897154
INFO:valueProbability = valueProbability + ratio
INFO:************************* currentProbability > probability *****************************************
INFO:pick: 2| patientId: 1| ratio: 0.25| QoS Requirement: CostQoS
INFO:ratio: 0.25| valueProbability: 0.75| probability: 0.8594644348897154
INFO:currentProbability (ratio + valueProbability): 1.0
INFO:-> invokeCompositeService
INFO:************************* currentProbability > probability *****************************************
INFO:pick: 1| patientId: 1| ratio: 0.75| QoS Requirement: CostQoS
INFO:ratio: 0.75| valueProbability: 0.0| probability: 0.01751127026396304
INFO:currentProbability (ratio + valueProbability): 0.75
INFO:-> invokeCompositeService
INFO:************************* currentProbability > probability *****************************************
INFO:pick: 1| patientId: 1| ratio: 0.75| QoS Requirement: CostQoS
INFO:ratio: 0.75| valueProbability: 0.0| probability: 0.5386561838283772
INFO:currentProbability (ratio + valueProbability): 0.75
INFO:-> invokeCompositeService
INFO:************************* currentProbability > probability *****************************************
INFO:pick: 1| patientId: 1| ratio: 0.75| QoS Requirement: CostQoS
INFO:ratio: 0.75| valueProbability: 0.0| probability: 0.6718222400005366
INFO:currentProbability (ratio + valueProbability): 0.75
INFO:-> invokeCompositeService
INFO:***************************** currentProbability <= probability ****************************************
INFO:valueProbability: 0.75| probability: 0.9792597425380472
INFO:valueProbability = valueProbability + ratio
INFO:************************* currentProbability > probability *****************************************
INFO:pick: 2| patientId: 1| ratio: 0.25| QoS Requirement: CostQoS
INFO:ratio: 0.25| valueProbability: 0.75| probability: 0.9792597425380472
INFO:currentProbability (ratio + valueProbability): 1.0
INFO:-> invokeCompositeService
INFO:************************* currentProbability > probability *****************************************
INFO:pick: 1| patientId: 1| ratio: 0.75| QoS Requirement: CostQoS
INFO:ratio: 0.75| valueProbability: 0.0| probability: 0.39156650028048423
INFO:currentProbability (ratio + valueProbability): 0.75
INFO:-> invokeCompositeService
INFO:************************* currentProbability > probability *****************************************
INFO:pick: 1| patientId: 1| ratio: 0.75| QoS Requirement: CostQoS
INFO:ratio: 0.75| valueProbability: 0.0| probability: 0.13539047862110265
INFO:currentProbability (ratio + valueProbability): 0.75
INFO:-> invokeCompositeService
INFO:***************************** currentProbability <= probability ****************************************
INFO:valueProbability: 0.75| probability: 0.9736759035226926
INFO:valueProbability = valueProbability + ratio
INFO:************************* currentProbability > probability *****************************************
INFO:pick: 2| patientId: 1| ratio: 0.25| QoS Requirement: CostQoS
INFO:ratio: 0.25| valueProbability: 0.75| probability: 0.9736759035226926
INFO:currentProbability (ratio + valueProbability): 1.0
INFO:-> invokeCompositeService
INFO:************************* currentProbability > probability *****************************************
INFO:pick: 1| patientId: 1| ratio: 0.75| QoS Requirement: CostQoS
INFO:ratio: 0.75| valueProbability: 0.0| probability: 0.6730651456151501
INFO:currentProbability (ratio + valueProbability): 0.75
INFO:-> invokeCompositeService
INFO:***************************** currentProbability <= probability ****************************************
INFO:valueProbability: 0.75| probability: 0.9169907805736499
INFO:valueProbability = valueProbability + ratio
INFO:************************* currentProbability > probability *****************************************
INFO:pick: 2| patientId: 1| ratio: 0.25| QoS Requirement: CostQoS
INFO:ratio: 0.25| valueProbability: 0.75| probability: 0.9169907805736499
INFO:currentProbability (ratio + valueProbability): 1.0
INFO:-> invokeCompositeService
INFO:************* After executing workflow!! *************
