INFO:************* START TASK *************
INFO:************* Before executing workflow!!*************
INFO:************************* currentProbability > probability *****************************************
INFO:pick: 1| patientId: 1| ratio: 0.75| QoS Requirement: CostQoS
INFO:ratio: 0.75| valueProbability: 0.0| probability: 0.040142000544681644
INFO:currentProbability (ratio + valueProbability): 0.75
INFO:-> invokeCompositeService
INFO:************************* currentProbability > probability *****************************************
INFO:pick: 1| patientId: 1| ratio: 0.75| QoS Requirement: CostQoS
INFO:ratio: 0.75| valueProbability: 0.0| probability: 0.2224891711649638
INFO:currentProbability (ratio + valueProbability): 0.75
INFO:-> invokeCompositeService
INFO:***************************** currentProbability <= probability ****************************************
INFO:valueProbability: 0.75| probability: 0.7856033225397697
INFO:valueProbability = valueProbability + ratio
INFO:************************* currentProbability > probability *****************************************
INFO:pick: 2| patientId: 1| ratio: 0.25| QoS Requirement: CostQoS
INFO:ratio: 0.25| valueProbability: 0.75| probability: 0.7856033225397697
INFO:currentProbability (ratio + valueProbability): 1.0
INFO:-> invokeCompositeService
INFO:************************* currentProbability > probability *****************************************
INFO:pick: 1| patientId: 1| ratio: 0.75| QoS Requirement: CostQoS
INFO:ratio: 0.75| valueProbability: 0.0| probability: 0.30960538987063035
INFO:currentProbability (ratio + valueProbability): 0.75
INFO:-> invokeCompositeService
INFO:************************* currentProbability > probability *****************************************
INFO:pick: 1| patientId: 1| ratio: 0.75| QoS Requirement: CostQoS
INFO:ratio: 0.75| valueProbability: 0.0| probability: 0.713662502153056
INFO:currentProbability (ratio + valueProbability): 0.75
INFO:-> invokeCompositeService
INFO:***************************** currentProbability <= probability ****************************************
INFO:valueProbability: 0.75| probability: 0.8450448565228044
INFO:valueProbability = valueProbability + ratio
INFO:************************* currentProbability > probability *****************************************
INFO:pick: 2| patientId: 1| ratio: 0.25| QoS Requirement: CostQoS
INFO:ratio: 0.25| valueProbability: 0.75| probability: 0.8450448565228044
INFO:currentProbability (ratio + valueProbability): 1.0
INFO:-> invokeCompositeService
INFO:************************* currentProbability > probability *****************************************
INFO:pick: 1| patientId: 1| ratio: 0.75| QoS Requirement: CostQoS
INFO:ratio: 0.75| valueProbability: 0.0| probability: 0.043804227393453354
INFO:currentProbability (ratio + valueProbability): 0.75
INFO:-> invokeCompositeService
INFO:************************* currentProbability > probability *****************************************
INFO:pick: 1| patientId: 1| ratio: 0.75| QoS Requirement: CostQoS
INFO:ratio: 0.75| valueProbability: 0.0| probability: 0.04098922914975556
INFO:currentProbability (ratio + valueProbability): 0.75
INFO:-> invokeCompositeService
INFO:************************* currentProbability > probability *****************************************
INFO:pick: 1| patientId: 1| ratio: 0.75| QoS Requirement: CostQoS
INFO:ratio: 0.75| valueProbability: 0.0| probability: 0.2185610712613394
INFO:currentProbability (ratio + valueProbability): 0.75
INFO:-> invokeCompositeService
INFO:************************* currentProbability > probability *****************************************
INFO:pick: 1| patientId: 1| ratio: 0.75| QoS Requirement: CostQoS
INFO:ratio: 0.75| valueProbability: 0.0| probability: 0.563967032031134
INFO:currentProbability (ratio + valueProbability): 0.75
INFO:-> invokeCompositeService
INFO:***************************** currentProbability <= probability ****************************************
INFO:valueProbability: 0.75| probability: 0.7720059668732906
INFO:valueProbability = valueProbability + ratio
INFO:************************* currentProbability > probability *****************************************
INFO:pick: 2| patientId: 1| ratio: 0.25| QoS Requirement: CostQoS
INFO:ratio: 0.25| valueProbability: 0.75| probability: 0.7720059668732906
INFO:currentProbability (ratio + valueProbability): 1.0
INFO:-> invokeCompositeService
INFO:************************* currentProbability > probability *****************************************
INFO:pick: 1| patientId: 1| ratio: 0.75| QoS Requirement: CostQoS
INFO:ratio: 0.75| valueProbability: 0.0| probability: 0.4791576010093771
INFO:currentProbability (ratio + valueProbability): 0.75
INFO:-> invokeCompositeService
INFO:************************* currentProbability > probability *****************************************
INFO:pick: 1| patientId: 1| ratio: 0.75| QoS Requirement: CostQoS
INFO:ratio: 0.75| valueProbability: 0.0| probability: 0.171350892577941
INFO:currentProbability (ratio + valueProbability): 0.75
INFO:-> invokeCompositeService
INFO:************************* currentProbability > probability *****************************************
INFO:pick: 1| patientId: 1| ratio: 0.75| QoS Requirement: CostQoS
INFO:ratio: 0.75| valueProbability: 0.0| probability: 0.6169989435076619
INFO:currentProbability (ratio + valueProbability): 0.75
INFO:-> invokeCompositeService
INFO:***************************** currentProbability <= probability ****************************************
INFO:valueProbability: 0.75| probability: 0.9419512518603383
INFO:valueProbability = valueProbability + ratio
INFO:************************* currentProbability > probability *****************************************
INFO:pick: 2| patientId: 1| ratio: 0.25| QoS Requirement: CostQoS
INFO:ratio: 0.25| valueProbability: 0.75| probability: 0.9419512518603383
INFO:currentProbability (ratio + valueProbability): 1.0
INFO:-> invokeCompositeService
INFO:***************************** currentProbability <= probability ****************************************
INFO:valueProbability: 0.75| probability: 0.8093555477322634
INFO:valueProbability = valueProbability + ratio
INFO:************************* currentProbability > probability *****************************************
INFO:pick: 2| patientId: 1| ratio: 0.25| QoS Requirement: CostQoS
INFO:ratio: 0.25| valueProbability: 0.75| probability: 0.8093555477322634
INFO:currentProbability (ratio + valueProbability): 1.0
INFO:-> invokeCompositeService
INFO:************************* currentProbability > probability *****************************************
INFO:pick: 1| patientId: 1| ratio: 0.75| QoS Requirement: CostQoS
INFO:ratio: 0.75| valueProbability: 0.0| probability: 0.513826424664123
INFO:currentProbability (ratio + valueProbability): 0.75
INFO:-> invokeCompositeService
INFO:************************* currentProbability > probability *****************************************
INFO:pick: 1| patientId: 1| ratio: 0.75| QoS Requirement: CostQoS
INFO:ratio: 0.75| valueProbability: 0.0| probability: 0.059968859227068405
INFO:currentProbability (ratio + valueProbability): 0.75
INFO:-> invokeCompositeService
INFO:***************************** currentProbability <= probability ****************************************
INFO:valueProbability: 0.75| probability: 0.7746246156782453
INFO:valueProbability = valueProbability + ratio
INFO:************************* currentProbability > probability *****************************************
INFO:pick: 2| patientId: 1| ratio: 0.25| QoS Requirement: CostQoS
INFO:ratio: 0.25| valueProbability: 0.75| probability: 0.7746246156782453
INFO:currentProbability (ratio + valueProbability): 1.0
INFO:-> invokeCompositeService
INFO:***************************** currentProbability <= probability ****************************************
INFO:valueProbability: 0.75| probability: 0.9832948538785231
INFO:valueProbability = valueProbability + ratio
INFO:************************* currentProbability > probability *****************************************
INFO:pick: 2| patientId: 1| ratio: 0.25| QoS Requirement: CostQoS
INFO:ratio: 0.25| valueProbability: 0.75| probability: 0.9832948538785231
INFO:currentProbability (ratio + valueProbability): 1.0
INFO:-> invokeCompositeService
INFO:************************* currentProbability > probability *****************************************
INFO:pick: 1| patientId: 1| ratio: 0.75| QoS Requirement: CostQoS
INFO:ratio: 0.75| valueProbability: 0.0| probability: 0.21826157171262117
INFO:currentProbability (ratio + valueProbability): 0.75
INFO:-> invokeCompositeService
INFO:***************************** currentProbability <= probability ****************************************
INFO:valueProbability: 0.75| probability: 0.8071715279198018
INFO:valueProbability = valueProbability + ratio
INFO:************************* currentProbability > probability *****************************************
INFO:pick: 2| patientId: 1| ratio: 0.25| QoS Requirement: CostQoS
INFO:ratio: 0.25| valueProbability: 0.75| probability: 0.8071715279198018
INFO:currentProbability (ratio + valueProbability): 1.0
INFO:-> invokeCompositeService
INFO:************************* currentProbability > probability *****************************************
INFO:pick: 1| patientId: 1| ratio: 0.75| QoS Requirement: CostQoS
INFO:ratio: 0.75| valueProbability: 0.0| probability: 0.5443468983000183
INFO:currentProbability (ratio + valueProbability): 0.75
INFO:-> invokeCompositeService
INFO:************************* currentProbability > probability *****************************************
INFO:pick: 1| patientId: 1| ratio: 0.75| QoS Requirement: CostQoS
INFO:ratio: 0.75| valueProbability: 0.0| probability: 0.3187172383653749
INFO:currentProbability (ratio + valueProbability): 0.75
INFO:-> invokeCompositeService
INFO:************************* currentProbability > probability *****************************************
INFO:pick: 1| patientId: 1| ratio: 0.75| QoS Requirement: CostQoS
INFO:ratio: 0.75| valueProbability: 0.0| probability: 0.31070863864031784
INFO:currentProbability (ratio + valueProbability): 0.75
INFO:-> invokeCompositeService
INFO:************************* currentProbability > probability *****************************************
INFO:pick: 1| patientId: 1| ratio: 0.75| QoS Requirement: CostQoS
INFO:ratio: 0.75| valueProbability: 0.0| probability: 0.41072602941991077
INFO:currentProbability (ratio + valueProbability): 0.75
INFO:-> invokeCompositeService
INFO:***************************** currentProbability <= probability ****************************************
INFO:valueProbability: 0.75| probability: 0.7551853349961303
INFO:valueProbability = valueProbability + ratio
INFO:************************* currentProbability > probability *****************************************
INFO:pick: 2| patientId: 1| ratio: 0.25| QoS Requirement: CostQoS
INFO:ratio: 0.25| valueProbability: 0.75| probability: 0.7551853349961303
INFO:currentProbability (ratio + valueProbability): 1.0
INFO:-> invokeCompositeService
INFO:************************* currentProbability > probability *****************************************
INFO:pick: 1| patientId: 1| ratio: 0.75| QoS Requirement: CostQoS
INFO:ratio: 0.75| valueProbability: 0.0| probability: 0.3195166713734099
INFO:currentProbability (ratio + valueProbability): 0.75
INFO:-> invokeCompositeService
INFO:************************* currentProbability > probability *****************************************
INFO:pick: 1| patientId: 1| ratio: 0.75| QoS Requirement: CostQoS
INFO:ratio: 0.75| valueProbability: 0.0| probability: 0.6843526106253097
INFO:currentProbability (ratio + valueProbability): 0.75
INFO:-> invokeCompositeService
INFO:************************* currentProbability > probability *****************************************
INFO:pick: 1| patientId: 1| ratio: 0.75| QoS Requirement: CostQoS
INFO:ratio: 0.75| valueProbability: 0.0| probability: 0.33724161786780027
INFO:currentProbability (ratio + valueProbability): 0.75
INFO:-> invokeCompositeService
INFO:************************* currentProbability > probability *****************************************
INFO:pick: 1| patientId: 1| ratio: 0.75| QoS Requirement: CostQoS
INFO:ratio: 0.75| valueProbability: 0.0| probability: 0.6425902730588628
INFO:currentProbability (ratio + valueProbability): 0.75
INFO:-> invokeCompositeService
INFO:************************* currentProbability > probability *****************************************
INFO:pick: 1| patientId: 1| ratio: 0.75| QoS Requirement: CostQoS
INFO:ratio: 0.75| valueProbability: 0.0| probability: 0.22524027334522112
INFO:currentProbability (ratio + valueProbability): 0.75
INFO:-> invokeCompositeService
INFO:************************* currentProbability > probability *****************************************
INFO:pick: 1| patientId: 1| ratio: 0.75| QoS Requirement: CostQoS
INFO:ratio: 0.75| valueProbability: 0.0| probability: 0.7071016448410532
INFO:currentProbability (ratio + valueProbability): 0.75
INFO:-> invokeCompositeService
INFO:***************************** currentProbability <= probability ****************************************
INFO:valueProbability: 0.75| probability: 0.8839114499756173
INFO:valueProbability = valueProbability + ratio
INFO:************************* currentProbability > probability *****************************************
INFO:pick: 2| patientId: 1| ratio: 0.25| QoS Requirement: CostQoS
INFO:ratio: 0.25| valueProbability: 0.75| probability: 0.8839114499756173
INFO:currentProbability (ratio + valueProbability): 1.0
INFO:-> invokeCompositeService
INFO:***************************** currentProbability <= probability ****************************************
INFO:valueProbability: 0.75| probability: 0.7510217206266577
INFO:valueProbability = valueProbability + ratio
INFO:************************* currentProbability > probability *****************************************
INFO:pick: 2| patientId: 1| ratio: 0.25| QoS Requirement: CostQoS
INFO:ratio: 0.25| valueProbability: 0.75| probability: 0.7510217206266577
INFO:currentProbability (ratio + valueProbability): 1.0
INFO:-> invokeCompositeService
INFO:************************* currentProbability > probability *****************************************
INFO:pick: 1| patientId: 1| ratio: 0.75| QoS Requirement: CostQoS
INFO:ratio: 0.75| valueProbability: 0.0| probability: 0.07320167959649526
INFO:currentProbability (ratio + valueProbability): 0.75
INFO:-> invokeCompositeService
INFO:***************************** currentProbability <= probability ****************************************
INFO:valueProbability: 0.75| probability: 0.941071175003687
INFO:valueProbability = valueProbability + ratio
INFO:************************* currentProbability > probability *****************************************
INFO:pick: 2| patientId: 1| ratio: 0.25| QoS Requirement: CostQoS
INFO:ratio: 0.25| valueProbability: 0.75| probability: 0.941071175003687
INFO:currentProbability (ratio + valueProbability): 1.0
INFO:-> invokeCompositeService
INFO:************************* currentProbability > probability *****************************************
INFO:pick: 1| patientId: 1| ratio: 0.75| QoS Requirement: CostQoS
INFO:ratio: 0.75| valueProbability: 0.0| probability: 0.2911941478554152
INFO:currentProbability (ratio + valueProbability): 0.75
INFO:-> invokeCompositeService
INFO:************************* currentProbability > probability *****************************************
INFO:pick: 1| patientId: 1| ratio: 0.75| QoS Requirement: CostQoS
INFO:ratio: 0.75| valueProbability: 0.0| probability: 0.4174300042129121
INFO:currentProbability (ratio + valueProbability): 0.75
INFO:-> invokeCompositeService
INFO:***************************** currentProbability <= probability ****************************************
INFO:valueProbability: 0.75| probability: 0.8621044040565241
INFO:valueProbability = valueProbability + ratio
INFO:************************* currentProbability > probability *****************************************
INFO:pick: 2| patientId: 1| ratio: 0.25| QoS Requirement: CostQoS
INFO:ratio: 0.25| valueProbability: 0.75| probability: 0.8621044040565241
INFO:currentProbability (ratio + valueProbability): 1.0
INFO:-> invokeCompositeService
INFO:************************* currentProbability > probability *****************************************
INFO:pick: 1| patientId: 1| ratio: 0.75| QoS Requirement: CostQoS
INFO:ratio: 0.75| valueProbability: 0.0| probability: 0.3863457382554476
INFO:currentProbability (ratio + valueProbability): 0.75
INFO:-> invokeCompositeService
INFO:************************* currentProbability > probability *****************************************
INFO:pick: 1| patientId: 1| ratio: 0.75| QoS Requirement: CostQoS
INFO:ratio: 0.75| valueProbability: 0.0| probability: 0.055531107892546894
INFO:currentProbability (ratio + valueProbability): 0.75
INFO:-> invokeCompositeService
INFO:************************* currentProbability > probability *****************************************
INFO:pick: 1| patientId: 1| ratio: 0.75| QoS Requirement: CostQoS
INFO:ratio: 0.75| valueProbability: 0.0| probability: 0.35080680287405164
INFO:currentProbability (ratio + valueProbability): 0.75
INFO:-> invokeCompositeService
INFO:************************* currentProbability > probability *****************************************
INFO:pick: 1| patientId: 1| ratio: 0.75| QoS Requirement: CostQoS
INFO:ratio: 0.75| valueProbability: 0.0| probability: 0.7429869803014142
INFO:currentProbability (ratio + valueProbability): 0.75
INFO:-> invokeCompositeService
INFO:************************* currentProbability > probability *****************************************
INFO:pick: 1| patientId: 1| ratio: 0.75| QoS Requirement: CostQoS
INFO:ratio: 0.75| valueProbability: 0.0| probability: 0.5373790322178402
INFO:currentProbability (ratio + valueProbability): 0.75
INFO:-> invokeCompositeService
INFO:***************************** currentProbability <= probability ****************************************
INFO:valueProbability: 0.75| probability: 0.9230877299614709
INFO:valueProbability = valueProbability + ratio
INFO:************************* currentProbability > probability *****************************************
INFO:pick: 2| patientId: 1| ratio: 0.25| QoS Requirement: CostQoS
INFO:ratio: 0.25| valueProbability: 0.75| probability: 0.9230877299614709
INFO:currentProbability (ratio + valueProbability): 1.0
INFO:-> invokeCompositeService
INFO:************************* currentProbability > probability *****************************************
INFO:pick: 1| patientId: 1| ratio: 0.75| QoS Requirement: CostQoS
INFO:ratio: 0.75| valueProbability: 0.0| probability: 0.13962412770640698
INFO:currentProbability (ratio + valueProbability): 0.75
INFO:-> invokeCompositeService
INFO:************************* currentProbability > probability *****************************************
INFO:pick: 1| patientId: 1| ratio: 0.75| QoS Requirement: CostQoS
INFO:ratio: 0.75| valueProbability: 0.0| probability: 0.031465826786807094
INFO:currentProbability (ratio + valueProbability): 0.75
INFO:-> invokeCompositeService
INFO:************************* currentProbability > probability *****************************************
INFO:pick: 1| patientId: 1| ratio: 0.75| QoS Requirement: CostQoS
INFO:ratio: 0.75| valueProbability: 0.0| probability: 0.19761946831513477
INFO:currentProbability (ratio + valueProbability): 0.75
INFO:-> invokeCompositeService
INFO:************************* currentProbability > probability *****************************************
INFO:pick: 1| patientId: 1| ratio: 0.75| QoS Requirement: CostQoS
INFO:ratio: 0.75| valueProbability: 0.0| probability: 0.5542945216555559
INFO:currentProbability (ratio + valueProbability): 0.75
INFO:-> invokeCompositeService
INFO:************************* currentProbability > probability *****************************************
INFO:pick: 1| patientId: 1| ratio: 0.75| QoS Requirement: CostQoS
INFO:ratio: 0.75| valueProbability: 0.0| probability: 0.4418302600054659
INFO:currentProbability (ratio + valueProbability): 0.75
INFO:-> invokeCompositeService
INFO:************************* currentProbability > probability *****************************************
INFO:pick: 1| patientId: 1| ratio: 0.75| QoS Requirement: CostQoS
INFO:ratio: 0.75| valueProbability: 0.0| probability: 0.2346655333009583
INFO:currentProbability (ratio + valueProbability): 0.75
INFO:-> invokeCompositeService
INFO:************************* currentProbability > probability *****************************************
INFO:pick: 1| patientId: 1| ratio: 0.75| QoS Requirement: CostQoS
INFO:ratio: 0.75| valueProbability: 0.0| probability: 0.4364248755349579
INFO:currentProbability (ratio + valueProbability): 0.75
INFO:-> invokeCompositeService
INFO:************************* currentProbability > probability *****************************************
INFO:pick: 1| patientId: 1| ratio: 0.75| QoS Requirement: CostQoS
INFO:ratio: 0.75| valueProbability: 0.0| probability: 0.3890043965313553
INFO:currentProbability (ratio + valueProbability): 0.75
INFO:-> invokeCompositeService
INFO:***************************** currentProbability <= probability ****************************************
INFO:valueProbability: 0.75| probability: 0.8161737267916028
INFO:valueProbability = valueProbability + ratio
INFO:************************* currentProbability > probability *****************************************
INFO:pick: 2| patientId: 1| ratio: 0.25| QoS Requirement: CostQoS
INFO:ratio: 0.25| valueProbability: 0.75| probability: 0.8161737267916028
INFO:currentProbability (ratio + valueProbability): 1.0
INFO:-> invokeCompositeService
INFO:************************* currentProbability > probability *****************************************
INFO:pick: 1| patientId: 1| ratio: 0.75| QoS Requirement: CostQoS
INFO:ratio: 0.75| valueProbability: 0.0| probability: 0.21689086374226185
INFO:currentProbability (ratio + valueProbability): 0.75
INFO:-> invokeCompositeService
INFO:************************* currentProbability > probability *****************************************
INFO:pick: 1| patientId: 1| ratio: 0.75| QoS Requirement: CostQoS
INFO:ratio: 0.75| valueProbability: 0.0| probability: 0.2920566227046598
INFO:currentProbability (ratio + valueProbability): 0.75
INFO:-> invokeCompositeService
INFO:***************************** currentProbability <= probability ****************************************
INFO:valueProbability: 0.75| probability: 0.8133703970587188
INFO:valueProbability = valueProbability + ratio
INFO:************************* currentProbability > probability *****************************************
INFO:pick: 2| patientId: 1| ratio: 0.25| QoS Requirement: CostQoS
INFO:ratio: 0.25| valueProbability: 0.75| probability: 0.8133703970587188
INFO:currentProbability (ratio + valueProbability): 1.0
INFO:-> invokeCompositeService
INFO:************************* currentProbability > probability *****************************************
INFO:pick: 1| patientId: 1| ratio: 0.75| QoS Requirement: CostQoS
INFO:ratio: 0.75| valueProbability: 0.0| probability: 0.6389773201663983
INFO:currentProbability (ratio + valueProbability): 0.75
INFO:-> invokeCompositeService
INFO:************************* currentProbability > probability *****************************************
INFO:pick: 1| patientId: 1| ratio: 0.75| QoS Requirement: CostQoS
INFO:ratio: 0.75| valueProbability: 0.0| probability: 0.09000793650009209
INFO:currentProbability (ratio + valueProbability): 0.75
INFO:-> invokeCompositeService
INFO:***************************** currentProbability <= probability ****************************************
INFO:valueProbability: 0.75| probability: 0.8255200436023646
INFO:valueProbability = valueProbability + ratio
INFO:************************* currentProbability > probability *****************************************
INFO:pick: 2| patientId: 1| ratio: 0.25| QoS Requirement: CostQoS
INFO:ratio: 0.25| valueProbability: 0.75| probability: 0.8255200436023646
INFO:currentProbability (ratio + valueProbability): 1.0
INFO:-> invokeCompositeService
INFO:************************* currentProbability > probability *****************************************
INFO:pick: 1| patientId: 1| ratio: 0.75| QoS Requirement: CostQoS
INFO:ratio: 0.75| valueProbability: 0.0| probability: 0.33208785335773294
INFO:currentProbability (ratio + valueProbability): 0.75
INFO:-> invokeCompositeService
INFO:************************* currentProbability > probability *****************************************
INFO:pick: 1| patientId: 1| ratio: 0.75| QoS Requirement: CostQoS
INFO:ratio: 0.75| valueProbability: 0.0| probability: 0.31708623699080996
INFO:currentProbability (ratio + valueProbability): 0.75
INFO:-> invokeCompositeService
INFO:************************* currentProbability > probability *****************************************
INFO:pick: 1| patientId: 1| ratio: 0.75| QoS Requirement: CostQoS
INFO:ratio: 0.75| valueProbability: 0.0| probability: 0.4076673393616774
INFO:currentProbability (ratio + valueProbability): 0.75
INFO:-> invokeCompositeService
INFO:***************************** currentProbability <= probability ****************************************
INFO:valueProbability: 0.75| probability: 0.9122445634820098
INFO:valueProbability = valueProbability + ratio
INFO:************************* currentProbability > probability *****************************************
INFO:pick: 2| patientId: 1| ratio: 0.25| QoS Requirement: CostQoS
INFO:ratio: 0.25| valueProbability: 0.75| probability: 0.9122445634820098
INFO:currentProbability (ratio + valueProbability): 1.0
INFO:-> invokeCompositeService
INFO:************************* currentProbability > probability *****************************************
INFO:pick: 1| patientId: 1| ratio: 0.75| QoS Requirement: CostQoS
INFO:ratio: 0.75| valueProbability: 0.0| probability: 0.08343394078169297
INFO:currentProbability (ratio + valueProbability): 0.75
INFO:-> invokeCompositeService
INFO:************************* currentProbability > probability *****************************************
INFO:pick: 1| patientId: 1| ratio: 0.75| QoS Requirement: CostQoS
INFO:ratio: 0.75| valueProbability: 0.0| probability: 0.055565675618623245
INFO:currentProbability (ratio + valueProbability): 0.75
INFO:-> invokeCompositeService
INFO:***************************** currentProbability <= probability ****************************************
INFO:valueProbability: 0.75| probability: 0.766914756521834
INFO:valueProbability = valueProbability + ratio
INFO:************************* currentProbability > probability *****************************************
INFO:pick: 2| patientId: 1| ratio: 0.25| QoS Requirement: CostQoS
INFO:ratio: 0.25| valueProbability: 0.75| probability: 0.766914756521834
INFO:currentProbability (ratio + valueProbability): 1.0
INFO:-> invokeCompositeService
INFO:************************* currentProbability > probability *****************************************
INFO:pick: 1| patientId: 1| ratio: 0.75| QoS Requirement: CostQoS
INFO:ratio: 0.75| valueProbability: 0.0| probability: 0.7220735166861943
INFO:currentProbability (ratio + valueProbability): 0.75
INFO:-> invokeCompositeService
INFO:************************* currentProbability > probability *****************************************
INFO:pick: 1| patientId: 1| ratio: 0.75| QoS Requirement: CostQoS
INFO:ratio: 0.75| valueProbability: 0.0| probability: 0.6995762296115609
INFO:currentProbability (ratio + valueProbability): 0.75
INFO:-> invokeCompositeService
INFO:***************************** currentProbability <= probability ****************************************
INFO:valueProbability: 0.75| probability: 0.767824898771019
INFO:valueProbability = valueProbability + ratio
INFO:************************* currentProbability > probability *****************************************
INFO:pick: 2| patientId: 1| ratio: 0.25| QoS Requirement: CostQoS
INFO:ratio: 0.25| valueProbability: 0.75| probability: 0.767824898771019
INFO:currentProbability (ratio + valueProbability): 1.0
INFO:-> invokeCompositeService
INFO:***************************** currentProbability <= probability ****************************************
INFO:valueProbability: 0.75| probability: 0.9763995459885854
INFO:valueProbability = valueProbability + ratio
INFO:************************* currentProbability > probability *****************************************
INFO:pick: 2| patientId: 1| ratio: 0.25| QoS Requirement: CostQoS
INFO:ratio: 0.25| valueProbability: 0.75| probability: 0.9763995459885854
INFO:currentProbability (ratio + valueProbability): 1.0
INFO:-> invokeCompositeService
INFO:************************* currentProbability > probability *****************************************
INFO:pick: 1| patientId: 1| ratio: 0.75| QoS Requirement: CostQoS
INFO:ratio: 0.75| valueProbability: 0.0| probability: 0.18276013413534942
INFO:currentProbability (ratio + valueProbability): 0.75
INFO:-> invokeCompositeService
INFO:************************* currentProbability > probability *****************************************
INFO:pick: 1| patientId: 1| ratio: 0.75| QoS Requirement: CostQoS
INFO:ratio: 0.75| valueProbability: 0.0| probability: 0.21091170808475312
INFO:currentProbability (ratio + valueProbability): 0.75
INFO:-> invokeCompositeService
INFO:************************* currentProbability > probability *****************************************
INFO:pick: 1| patientId: 1| ratio: 0.75| QoS Requirement: CostQoS
INFO:ratio: 0.75| valueProbability: 0.0| probability: 0.32619640906590797
INFO:currentProbability (ratio + valueProbability): 0.75
INFO:-> invokeCompositeService
INFO:************************* currentProbability > probability *****************************************
INFO:pick: 1| patientId: 1| ratio: 0.75| QoS Requirement: CostQoS
INFO:ratio: 0.75| valueProbability: 0.0| probability: 0.5373056411249296
INFO:currentProbability (ratio + valueProbability): 0.75
INFO:-> invokeCompositeService
INFO:***************************** currentProbability <= probability ****************************************
INFO:valueProbability: 0.75| probability: 0.8481428199363507
INFO:valueProbability = valueProbability + ratio
INFO:************************* currentProbability > probability *****************************************
INFO:pick: 2| patientId: 1| ratio: 0.25| QoS Requirement: CostQoS
INFO:ratio: 0.25| valueProbability: 0.75| probability: 0.8481428199363507
INFO:currentProbability (ratio + valueProbability): 1.0
INFO:-> invokeCompositeService
INFO:************************* currentProbability > probability *****************************************
INFO:pick: 1| patientId: 1| ratio: 0.75| QoS Requirement: CostQoS
INFO:ratio: 0.75| valueProbability: 0.0| probability: 0.4207357913469455
INFO:currentProbability (ratio + valueProbability): 0.75
INFO:-> invokeCompositeService
INFO:************************* currentProbability > probability *****************************************
INFO:pick: 1| patientId: 1| ratio: 0.75| QoS Requirement: CostQoS
INFO:ratio: 0.75| valueProbability: 0.0| probability: 0.24260027760263692
INFO:currentProbability (ratio + valueProbability): 0.75
INFO:-> invokeCompositeService
INFO:************************* currentProbability > probability *****************************************
INFO:pick: 1| patientId: 1| ratio: 0.75| QoS Requirement: CostQoS
INFO:ratio: 0.75| valueProbability: 0.0| probability: 0.30129296490796587
INFO:currentProbability (ratio + valueProbability): 0.75
INFO:-> invokeCompositeService
INFO:************************* currentProbability > probability *****************************************
INFO:pick: 1| patientId: 1| ratio: 0.75| QoS Requirement: CostQoS
INFO:ratio: 0.75| valueProbability: 0.0| probability: 0.49939944933429004
INFO:currentProbability (ratio + valueProbability): 0.75
INFO:-> invokeCompositeService
INFO:***************************** currentProbability <= probability ****************************************
INFO:valueProbability: 0.75| probability: 0.9353307587824837
INFO:valueProbability = valueProbability + ratio
INFO:************************* currentProbability > probability *****************************************
INFO:pick: 2| patientId: 1| ratio: 0.25| QoS Requirement: CostQoS
INFO:ratio: 0.25| valueProbability: 0.75| probability: 0.9353307587824837
INFO:currentProbability (ratio + valueProbability): 1.0
INFO:-> invokeCompositeService
INFO:************************* currentProbability > probability *****************************************
INFO:pick: 1| patientId: 1| ratio: 0.75| QoS Requirement: CostQoS
INFO:ratio: 0.75| valueProbability: 0.0| probability: 0.0417753825929057
INFO:currentProbability (ratio + valueProbability): 0.75
INFO:-> invokeCompositeService
INFO:***************************** currentProbability <= probability ****************************************
INFO:valueProbability: 0.75| probability: 0.8191515824479815
INFO:valueProbability = valueProbability + ratio
INFO:************************* currentProbability > probability *****************************************
INFO:pick: 2| patientId: 1| ratio: 0.25| QoS Requirement: CostQoS
INFO:ratio: 0.25| valueProbability: 0.75| probability: 0.8191515824479815
INFO:currentProbability (ratio + valueProbability): 1.0
INFO:-> invokeCompositeService
INFO:************************* currentProbability > probability *****************************************
INFO:pick: 1| patientId: 1| ratio: 0.75| QoS Requirement: CostQoS
INFO:ratio: 0.75| valueProbability: 0.0| probability: 0.49625676731911883
INFO:currentProbability (ratio + valueProbability): 0.75
INFO:-> invokeCompositeService
INFO:***************************** currentProbability <= probability ****************************************
INFO:valueProbability: 0.75| probability: 0.8246017762042812
INFO:valueProbability = valueProbability + ratio
INFO:************************* currentProbability > probability *****************************************
INFO:pick: 2| patientId: 1| ratio: 0.25| QoS Requirement: CostQoS
INFO:ratio: 0.25| valueProbability: 0.75| probability: 0.8246017762042812
INFO:currentProbability (ratio + valueProbability): 1.0
INFO:-> invokeCompositeService
INFO:************************* currentProbability > probability *****************************************
INFO:pick: 1| patientId: 1| ratio: 0.75| QoS Requirement: CostQoS
INFO:ratio: 0.75| valueProbability: 0.0| probability: 0.04366062416533578
INFO:currentProbability (ratio + valueProbability): 0.75
INFO:-> invokeCompositeService
INFO:************************* currentProbability > probability *****************************************
INFO:pick: 1| patientId: 1| ratio: 0.75| QoS Requirement: CostQoS
INFO:ratio: 0.75| valueProbability: 0.0| probability: 0.07453555322908323
INFO:currentProbability (ratio + valueProbability): 0.75
INFO:-> invokeCompositeService
INFO:************************* currentProbability > probability *****************************************
INFO:pick: 1| patientId: 1| ratio: 0.75| QoS Requirement: CostQoS
INFO:ratio: 0.75| valueProbability: 0.0| probability: 0.3647577785511824
INFO:currentProbability (ratio + valueProbability): 0.75
INFO:-> invokeCompositeService
INFO:************************* currentProbability > probability *****************************************
INFO:pick: 1| patientId: 1| ratio: 0.75| QoS Requirement: CostQoS
INFO:ratio: 0.75| valueProbability: 0.0| probability: 0.7096776625850237
INFO:currentProbability (ratio + valueProbability): 0.75
INFO:-> invokeCompositeService
INFO:************************* currentProbability > probability *****************************************
INFO:pick: 1| patientId: 1| ratio: 0.75| QoS Requirement: CostQoS
INFO:ratio: 0.75| valueProbability: 0.0| probability: 0.00686133485164897
INFO:currentProbability (ratio + valueProbability): 0.75
INFO:-> invokeCompositeService
INFO:************************* currentProbability > probability *****************************************
INFO:pick: 1| patientId: 1| ratio: 0.75| QoS Requirement: CostQoS
INFO:ratio: 0.75| valueProbability: 0.0| probability: 0.009056361113287115
INFO:currentProbability (ratio + valueProbability): 0.75
INFO:-> invokeCompositeService
INFO:************************* currentProbability > probability *****************************************
INFO:pick: 1| patientId: 1| ratio: 0.75| QoS Requirement: CostQoS
INFO:ratio: 0.75| valueProbability: 0.0| probability: 0.3591664753223993
INFO:currentProbability (ratio + valueProbability): 0.75
INFO:-> invokeCompositeService
INFO:***************************** currentProbability <= probability ****************************************
INFO:valueProbability: 0.75| probability: 0.9264326000683712
INFO:valueProbability = valueProbability + ratio
INFO:************************* currentProbability > probability *****************************************
INFO:pick: 2| patientId: 1| ratio: 0.25| QoS Requirement: CostQoS
INFO:ratio: 0.25| valueProbability: 0.75| probability: 0.9264326000683712
INFO:currentProbability (ratio + valueProbability): 1.0
INFO:-> invokeCompositeService
INFO:************************* currentProbability > probability *****************************************
INFO:pick: 1| patientId: 1| ratio: 0.75| QoS Requirement: CostQoS
INFO:ratio: 0.75| valueProbability: 0.0| probability: 0.10173673360221802
INFO:currentProbability (ratio + valueProbability): 0.75
INFO:-> invokeCompositeService
INFO:************************* currentProbability > probability *****************************************
INFO:pick: 1| patientId: 1| ratio: 0.75| QoS Requirement: CostQoS
INFO:ratio: 0.75| valueProbability: 0.0| probability: 0.488181129321442
INFO:currentProbability (ratio + valueProbability): 0.75
INFO:-> invokeCompositeService
INFO:***************************** currentProbability <= probability ****************************************
INFO:valueProbability: 0.75| probability: 0.7678157384532136
INFO:valueProbability = valueProbability + ratio
INFO:************************* currentProbability > probability *****************************************
INFO:pick: 2| patientId: 1| ratio: 0.25| QoS Requirement: CostQoS
INFO:ratio: 0.25| valueProbability: 0.75| probability: 0.7678157384532136
INFO:currentProbability (ratio + valueProbability): 1.0
INFO:-> invokeCompositeService
INFO:************************* currentProbability > probability *****************************************
INFO:pick: 1| patientId: 1| ratio: 0.75| QoS Requirement: CostQoS
INFO:ratio: 0.75| valueProbability: 0.0| probability: 0.2976744185394963
INFO:currentProbability (ratio + valueProbability): 0.75
INFO:-> invokeCompositeService
INFO:***************************** currentProbability <= probability ****************************************
INFO:valueProbability: 0.75| probability: 0.9794968464483937
INFO:valueProbability = valueProbability + ratio
INFO:************************* currentProbability > probability *****************************************
INFO:pick: 2| patientId: 1| ratio: 0.25| QoS Requirement: CostQoS
INFO:ratio: 0.25| valueProbability: 0.75| probability: 0.9794968464483937
INFO:currentProbability (ratio + valueProbability): 1.0
INFO:-> invokeCompositeService
INFO:************************* currentProbability > probability *****************************************
INFO:pick: 1| patientId: 1| ratio: 0.75| QoS Requirement: CostQoS
INFO:ratio: 0.75| valueProbability: 0.0| probability: 0.13179368178608097
INFO:currentProbability (ratio + valueProbability): 0.75
INFO:-> invokeCompositeService
INFO:************* After executing workflow!! *************
