INFO:************* START TASK *************
INFO:************* Before executing workflow!!*************
INFO:************************* currentProbability > probability *****************************************
INFO:pick: 1| patientId: 1| ratio: 0.75| QoS Requirement: CostQoS
INFO:ratio: 0.75| valueProbability: 0.0| probability: 0.16905119984425332
INFO:currentProbability (ratio + valueProbability): 0.75
INFO:-> invokeCompositeService
INFO:***************************** currentProbability <= probability ****************************************
INFO:valueProbability: 0.75| probability: 0.8427320743463863
INFO:valueProbability = valueProbability + ratio
INFO:************************* currentProbability > probability *****************************************
INFO:pick: 2| patientId: 1| ratio: 0.25| QoS Requirement: CostQoS
INFO:ratio: 0.25| valueProbability: 0.75| probability: 0.8427320743463863
INFO:currentProbability (ratio + valueProbability): 1.0
INFO:-> invokeCompositeService
INFO:************************* currentProbability > probability *****************************************
INFO:pick: 1| patientId: 1| ratio: 0.75| QoS Requirement: CostQoS
INFO:ratio: 0.75| valueProbability: 0.0| probability: 0.5979508979245948
INFO:currentProbability (ratio + valueProbability): 0.75
INFO:-> invokeCompositeService
INFO:************************* currentProbability > probability *****************************************
INFO:pick: 1| patientId: 1| ratio: 0.75| QoS Requirement: CostQoS
INFO:ratio: 0.75| valueProbability: 0.0| probability: 0.12971458647438205
INFO:currentProbability (ratio + valueProbability): 0.75
INFO:-> invokeCompositeService
INFO:************************* currentProbability > probability *****************************************
INFO:pick: 1| patientId: 1| ratio: 0.75| QoS Requirement: CostQoS
INFO:ratio: 0.75| valueProbability: 0.0| probability: 0.03218469915633615
INFO:currentProbability (ratio + valueProbability): 0.75
INFO:-> invokeCompositeService
INFO:***************************** currentProbability <= probability ****************************************
INFO:valueProbability: 0.75| probability: 0.7807065515936165
INFO:valueProbability = valueProbability + ratio
INFO:************************* currentProbability > probability *****************************************
INFO:pick: 2| patientId: 1| ratio: 0.25| QoS Requirement: CostQoS
INFO:ratio: 0.25| valueProbability: 0.75| probability: 0.7807065515936165
INFO:currentProbability (ratio + valueProbability): 1.0
INFO:-> invokeCompositeService
INFO:***************************** currentProbability <= probability ****************************************
INFO:valueProbability: 0.75| probability: 0.8021347044300876
INFO:valueProbability = valueProbability + ratio
INFO:************************* currentProbability > probability *****************************************
INFO:pick: 2| patientId: 1| ratio: 0.25| QoS Requirement: CostQoS
INFO:ratio: 0.25| valueProbability: 0.75| probability: 0.8021347044300876
INFO:currentProbability (ratio + valueProbability): 1.0
INFO:-> invokeCompositeService
INFO:***************************** currentProbability <= probability ****************************************
INFO:valueProbability: 0.75| probability: 0.8331381118267471
INFO:valueProbability = valueProbability + ratio
INFO:************************* currentProbability > probability *****************************************
INFO:pick: 2| patientId: 1| ratio: 0.25| QoS Requirement: CostQoS
INFO:ratio: 0.25| valueProbability: 0.75| probability: 0.8331381118267471
INFO:currentProbability (ratio + valueProbability): 1.0
INFO:-> invokeCompositeService
INFO:************************* currentProbability > probability *****************************************
INFO:pick: 1| patientId: 1| ratio: 0.75| QoS Requirement: CostQoS
INFO:ratio: 0.75| valueProbability: 0.0| probability: 0.18717240183366823
INFO:currentProbability (ratio + valueProbability): 0.75
INFO:-> invokeCompositeService
INFO:***************************** currentProbability <= probability ****************************************
INFO:valueProbability: 0.75| probability: 0.8707257367726472
INFO:valueProbability = valueProbability + ratio
INFO:************************* currentProbability > probability *****************************************
INFO:pick: 2| patientId: 1| ratio: 0.25| QoS Requirement: CostQoS
INFO:ratio: 0.25| valueProbability: 0.75| probability: 0.8707257367726472
INFO:currentProbability (ratio + valueProbability): 1.0
INFO:-> invokeCompositeService
INFO:************************* currentProbability > probability *****************************************
INFO:pick: 1| patientId: 1| ratio: 0.75| QoS Requirement: CostQoS
INFO:ratio: 0.75| valueProbability: 0.0| probability: 0.16766110868637973
INFO:currentProbability (ratio + valueProbability): 0.75
INFO:-> invokeCompositeService
INFO:************************* currentProbability > probability *****************************************
INFO:pick: 1| patientId: 1| ratio: 0.75| QoS Requirement: CostQoS
INFO:ratio: 0.75| valueProbability: 0.0| probability: 0.600172992491156
INFO:currentProbability (ratio + valueProbability): 0.75
INFO:-> invokeCompositeService
INFO:***************************** currentProbability <= probability ****************************************
INFO:valueProbability: 0.75| probability: 0.8071776741208009
INFO:valueProbability = valueProbability + ratio
INFO:************************* currentProbability > probability *****************************************
INFO:pick: 2| patientId: 1| ratio: 0.25| QoS Requirement: CostQoS
INFO:ratio: 0.25| valueProbability: 0.75| probability: 0.8071776741208009
INFO:currentProbability (ratio + valueProbability): 1.0
INFO:-> invokeCompositeService
INFO:************************* currentProbability > probability *****************************************
INFO:pick: 1| patientId: 1| ratio: 0.75| QoS Requirement: CostQoS
INFO:ratio: 0.75| valueProbability: 0.0| probability: 0.3062029532751628
INFO:currentProbability (ratio + valueProbability): 0.75
INFO:-> invokeCompositeService
INFO:************************* currentProbability > probability *****************************************
INFO:pick: 1| patientId: 1| ratio: 0.75| QoS Requirement: CostQoS
INFO:ratio: 0.75| valueProbability: 0.0| probability: 0.48240118800044085
INFO:currentProbability (ratio + valueProbability): 0.75
INFO:-> invokeCompositeService
INFO:************************* currentProbability > probability *****************************************
INFO:pick: 1| patientId: 1| ratio: 0.75| QoS Requirement: CostQoS
INFO:ratio: 0.75| valueProbability: 0.0| probability: 0.18256136705802628
INFO:currentProbability (ratio + valueProbability): 0.75
INFO:-> invokeCompositeService
INFO:************************* currentProbability > probability *****************************************
INFO:pick: 1| patientId: 1| ratio: 0.75| QoS Requirement: CostQoS
INFO:ratio: 0.75| valueProbability: 0.0| probability: 0.16844579042405539
INFO:currentProbability (ratio + valueProbability): 0.75
INFO:-> invokeCompositeService
INFO:***************************** currentProbability <= probability ****************************************
INFO:valueProbability: 0.75| probability: 0.7653928116603315
INFO:valueProbability = valueProbability + ratio
INFO:************************* currentProbability > probability *****************************************
INFO:pick: 2| patientId: 1| ratio: 0.25| QoS Requirement: CostQoS
INFO:ratio: 0.25| valueProbability: 0.75| probability: 0.7653928116603315
INFO:currentProbability (ratio + valueProbability): 1.0
INFO:-> invokeCompositeService
INFO:************************* currentProbability > probability *****************************************
INFO:pick: 1| patientId: 1| ratio: 0.75| QoS Requirement: CostQoS
INFO:ratio: 0.75| valueProbability: 0.0| probability: 0.6423563443933066
INFO:currentProbability (ratio + valueProbability): 0.75
INFO:-> invokeCompositeService
INFO:************************* currentProbability > probability *****************************************
INFO:pick: 1| patientId: 1| ratio: 0.75| QoS Requirement: CostQoS
INFO:ratio: 0.75| valueProbability: 0.0| probability: 0.1146469839473736
INFO:currentProbability (ratio + valueProbability): 0.75
INFO:-> invokeCompositeService
INFO:***************************** currentProbability <= probability ****************************************
INFO:valueProbability: 0.75| probability: 0.7802034981351377
INFO:valueProbability = valueProbability + ratio
INFO:************************* currentProbability > probability *****************************************
INFO:pick: 2| patientId: 1| ratio: 0.25| QoS Requirement: CostQoS
INFO:ratio: 0.25| valueProbability: 0.75| probability: 0.7802034981351377
INFO:currentProbability (ratio + valueProbability): 1.0
INFO:-> invokeCompositeService
INFO:***************************** currentProbability <= probability ****************************************
INFO:valueProbability: 0.75| probability: 0.7811430923233034
INFO:valueProbability = valueProbability + ratio
INFO:************************* currentProbability > probability *****************************************
INFO:pick: 2| patientId: 1| ratio: 0.25| QoS Requirement: CostQoS
INFO:ratio: 0.25| valueProbability: 0.75| probability: 0.7811430923233034
INFO:currentProbability (ratio + valueProbability): 1.0
INFO:-> invokeCompositeService
INFO:************************* currentProbability > probability *****************************************
INFO:pick: 1| patientId: 1| ratio: 0.75| QoS Requirement: CostQoS
INFO:ratio: 0.75| valueProbability: 0.0| probability: 0.7274964319706576
INFO:currentProbability (ratio + valueProbability): 0.75
INFO:-> invokeCompositeService
INFO:************************* currentProbability > probability *****************************************
INFO:pick: 1| patientId: 1| ratio: 0.75| QoS Requirement: CostQoS
INFO:ratio: 0.75| valueProbability: 0.0| probability: 0.009461821943457793
INFO:currentProbability (ratio + valueProbability): 0.75
INFO:-> invokeCompositeService
INFO:************************* currentProbability > probability *****************************************
INFO:pick: 1| patientId: 1| ratio: 0.75| QoS Requirement: CostQoS
INFO:ratio: 0.75| valueProbability: 0.0| probability: 0.14289359052851724
INFO:currentProbability (ratio + valueProbability): 0.75
INFO:-> invokeCompositeService
INFO:************************* currentProbability > probability *****************************************
INFO:pick: 1| patientId: 1| ratio: 0.75| QoS Requirement: CostQoS
INFO:ratio: 0.75| valueProbability: 0.0| probability: 0.623418915451255
INFO:currentProbability (ratio + valueProbability): 0.75
INFO:-> invokeCompositeService
INFO:************************* currentProbability > probability *****************************************
INFO:pick: 1| patientId: 1| ratio: 0.75| QoS Requirement: CostQoS
INFO:ratio: 0.75| valueProbability: 0.0| probability: 0.6164706375679884
INFO:currentProbability (ratio + valueProbability): 0.75
INFO:-> invokeCompositeService
INFO:***************************** currentProbability <= probability ****************************************
INFO:valueProbability: 0.75| probability: 0.9506083367513697
INFO:valueProbability = valueProbability + ratio
INFO:************************* currentProbability > probability *****************************************
INFO:pick: 2| patientId: 1| ratio: 0.25| QoS Requirement: CostQoS
INFO:ratio: 0.25| valueProbability: 0.75| probability: 0.9506083367513697
INFO:currentProbability (ratio + valueProbability): 1.0
INFO:-> invokeCompositeService
INFO:***************************** currentProbability <= probability ****************************************
INFO:valueProbability: 0.75| probability: 0.8017670140317724
INFO:valueProbability = valueProbability + ratio
INFO:************************* currentProbability > probability *****************************************
INFO:pick: 2| patientId: 1| ratio: 0.25| QoS Requirement: CostQoS
INFO:ratio: 0.25| valueProbability: 0.75| probability: 0.8017670140317724
INFO:currentProbability (ratio + valueProbability): 1.0
INFO:-> invokeCompositeService
INFO:************************* currentProbability > probability *****************************************
INFO:pick: 1| patientId: 1| ratio: 0.75| QoS Requirement: CostQoS
INFO:ratio: 0.75| valueProbability: 0.0| probability: 0.3101086824144038
INFO:currentProbability (ratio + valueProbability): 0.75
INFO:-> invokeCompositeService
INFO:************************* currentProbability > probability *****************************************
INFO:pick: 1| patientId: 1| ratio: 0.75| QoS Requirement: CostQoS
INFO:ratio: 0.75| valueProbability: 0.0| probability: 0.47176445479403284
INFO:currentProbability (ratio + valueProbability): 0.75
INFO:-> invokeCompositeService
INFO:************************* currentProbability > probability *****************************************
INFO:pick: 1| patientId: 1| ratio: 0.75| QoS Requirement: CostQoS
INFO:ratio: 0.75| valueProbability: 0.0| probability: 0.6232782348021213
INFO:currentProbability (ratio + valueProbability): 0.75
INFO:-> invokeCompositeService
INFO:************************* currentProbability > probability *****************************************
INFO:pick: 1| patientId: 1| ratio: 0.75| QoS Requirement: CostQoS
INFO:ratio: 0.75| valueProbability: 0.0| probability: 0.19976972039868934
INFO:currentProbability (ratio + valueProbability): 0.75
INFO:-> invokeCompositeService
INFO:************************* currentProbability > probability *****************************************
INFO:pick: 1| patientId: 1| ratio: 0.75| QoS Requirement: CostQoS
INFO:ratio: 0.75| valueProbability: 0.0| probability: 0.7375970824542909
INFO:currentProbability (ratio + valueProbability): 0.75
INFO:-> invokeCompositeService
INFO:************************* currentProbability > probability *****************************************
INFO:pick: 1| patientId: 1| ratio: 0.75| QoS Requirement: CostQoS
INFO:ratio: 0.75| valueProbability: 0.0| probability: 0.40441551249523633
INFO:currentProbability (ratio + valueProbability): 0.75
INFO:-> invokeCompositeService
INFO:***************************** currentProbability <= probability ****************************************
INFO:valueProbability: 0.75| probability: 0.9693508778077605
INFO:valueProbability = valueProbability + ratio
INFO:************************* currentProbability > probability *****************************************
INFO:pick: 2| patientId: 1| ratio: 0.25| QoS Requirement: CostQoS
INFO:ratio: 0.25| valueProbability: 0.75| probability: 0.9693508778077605
INFO:currentProbability (ratio + valueProbability): 1.0
INFO:-> invokeCompositeService
INFO:************************* currentProbability > probability *****************************************
INFO:pick: 1| patientId: 1| ratio: 0.75| QoS Requirement: CostQoS
INFO:ratio: 0.75| valueProbability: 0.0| probability: 0.20182454782308257
INFO:currentProbability (ratio + valueProbability): 0.75
INFO:-> invokeCompositeService
INFO:************************* currentProbability > probability *****************************************
INFO:pick: 1| patientId: 1| ratio: 0.75| QoS Requirement: CostQoS
INFO:ratio: 0.75| valueProbability: 0.0| probability: 0.07981756697583176
INFO:currentProbability (ratio + valueProbability): 0.75
INFO:-> invokeCompositeService
INFO:************************* currentProbability > probability *****************************************
INFO:pick: 1| patientId: 1| ratio: 0.75| QoS Requirement: CostQoS
INFO:ratio: 0.75| valueProbability: 0.0| probability: 0.6361897750645252
INFO:currentProbability (ratio + valueProbability): 0.75
INFO:-> invokeCompositeService
INFO:************************* currentProbability > probability *****************************************
INFO:pick: 1| patientId: 1| ratio: 0.75| QoS Requirement: CostQoS
INFO:ratio: 0.75| valueProbability: 0.0| probability: 0.5743648752848456
INFO:currentProbability (ratio + valueProbability): 0.75
INFO:-> invokeCompositeService
INFO:************************* currentProbability > probability *****************************************
INFO:pick: 1| patientId: 1| ratio: 0.75| QoS Requirement: CostQoS
INFO:ratio: 0.75| valueProbability: 0.0| probability: 0.06202355840391527
INFO:currentProbability (ratio + valueProbability): 0.75
INFO:-> invokeCompositeService
INFO:************************* currentProbability > probability *****************************************
INFO:pick: 1| patientId: 1| ratio: 0.75| QoS Requirement: CostQoS
INFO:ratio: 0.75| valueProbability: 0.0| probability: 0.5429727763420233
INFO:currentProbability (ratio + valueProbability): 0.75
INFO:-> invokeCompositeService
INFO:************************* currentProbability > probability *****************************************
INFO:pick: 1| patientId: 1| ratio: 0.75| QoS Requirement: CostQoS
INFO:ratio: 0.75| valueProbability: 0.0| probability: 0.5171586924949101
INFO:currentProbability (ratio + valueProbability): 0.75
INFO:-> invokeCompositeService
INFO:************************* currentProbability > probability *****************************************
INFO:pick: 1| patientId: 1| ratio: 0.75| QoS Requirement: CostQoS
INFO:ratio: 0.75| valueProbability: 0.0| probability: 0.6982591805391495
INFO:currentProbability (ratio + valueProbability): 0.75
INFO:-> invokeCompositeService
INFO:************************* currentProbability > probability *****************************************
INFO:pick: 1| patientId: 1| ratio: 0.75| QoS Requirement: CostQoS
INFO:ratio: 0.75| valueProbability: 0.0| probability: 0.03590924067954615
INFO:currentProbability (ratio + valueProbability): 0.75
INFO:-> invokeCompositeService
INFO:************************* currentProbability > probability *****************************************
INFO:pick: 1| patientId: 1| ratio: 0.75| QoS Requirement: CostQoS
INFO:ratio: 0.75| valueProbability: 0.0| probability: 0.28283842776404633
INFO:currentProbability (ratio + valueProbability): 0.75
INFO:-> invokeCompositeService
INFO:***************************** currentProbability <= probability ****************************************
INFO:valueProbability: 0.75| probability: 0.8279072128302394
INFO:valueProbability = valueProbability + ratio
INFO:************************* currentProbability > probability *****************************************
INFO:pick: 2| patientId: 1| ratio: 0.25| QoS Requirement: CostQoS
INFO:ratio: 0.25| valueProbability: 0.75| probability: 0.8279072128302394
INFO:currentProbability (ratio + valueProbability): 1.0
INFO:-> invokeCompositeService
INFO:***************************** currentProbability <= probability ****************************************
INFO:valueProbability: 0.75| probability: 0.8471306278906662
INFO:valueProbability = valueProbability + ratio
INFO:************************* currentProbability > probability *****************************************
INFO:pick: 2| patientId: 1| ratio: 0.25| QoS Requirement: CostQoS
INFO:ratio: 0.25| valueProbability: 0.75| probability: 0.8471306278906662
INFO:currentProbability (ratio + valueProbability): 1.0
INFO:-> invokeCompositeService
INFO:***************************** currentProbability <= probability ****************************************
INFO:valueProbability: 0.75| probability: 0.8019381712310543
INFO:valueProbability = valueProbability + ratio
INFO:************************* currentProbability > probability *****************************************
INFO:pick: 2| patientId: 1| ratio: 0.25| QoS Requirement: CostQoS
INFO:ratio: 0.25| valueProbability: 0.75| probability: 0.8019381712310543
INFO:currentProbability (ratio + valueProbability): 1.0
INFO:-> invokeCompositeService
INFO:***************************** currentProbability <= probability ****************************************
INFO:valueProbability: 0.75| probability: 0.7925422601284995
INFO:valueProbability = valueProbability + ratio
INFO:************************* currentProbability > probability *****************************************
INFO:pick: 2| patientId: 1| ratio: 0.25| QoS Requirement: CostQoS
INFO:ratio: 0.25| valueProbability: 0.75| probability: 0.7925422601284995
INFO:currentProbability (ratio + valueProbability): 1.0
INFO:-> invokeCompositeService
INFO:***************************** currentProbability <= probability ****************************************
INFO:valueProbability: 0.75| probability: 0.89814126972087
INFO:valueProbability = valueProbability + ratio
INFO:************************* currentProbability > probability *****************************************
INFO:pick: 2| patientId: 1| ratio: 0.25| QoS Requirement: CostQoS
INFO:ratio: 0.25| valueProbability: 0.75| probability: 0.89814126972087
INFO:currentProbability (ratio + valueProbability): 1.0
INFO:-> invokeCompositeService
INFO:************************* currentProbability > probability *****************************************
INFO:pick: 1| patientId: 1| ratio: 0.75| QoS Requirement: CostQoS
INFO:ratio: 0.75| valueProbability: 0.0| probability: 0.04985703070384773
INFO:currentProbability (ratio + valueProbability): 0.75
INFO:-> invokeCompositeService
INFO:************************* currentProbability > probability *****************************************
INFO:pick: 1| patientId: 1| ratio: 0.75| QoS Requirement: CostQoS
INFO:ratio: 0.75| valueProbability: 0.0| probability: 0.3493836631643915
INFO:currentProbability (ratio + valueProbability): 0.75
INFO:-> invokeCompositeService
INFO:************************* currentProbability > probability *****************************************
INFO:pick: 1| patientId: 1| ratio: 0.75| QoS Requirement: CostQoS
INFO:ratio: 0.75| valueProbability: 0.0| probability: 0.3509367344597738
INFO:currentProbability (ratio + valueProbability): 0.75
INFO:-> invokeCompositeService
INFO:************************* currentProbability > probability *****************************************
INFO:pick: 1| patientId: 1| ratio: 0.75| QoS Requirement: CostQoS
INFO:ratio: 0.75| valueProbability: 0.0| probability: 0.20725286856376623
INFO:currentProbability (ratio + valueProbability): 0.75
INFO:-> invokeCompositeService
INFO:************************* currentProbability > probability *****************************************
INFO:pick: 1| patientId: 1| ratio: 0.75| QoS Requirement: CostQoS
INFO:ratio: 0.75| valueProbability: 0.0| probability: 0.551286018864496
INFO:currentProbability (ratio + valueProbability): 0.75
INFO:-> invokeCompositeService
INFO:************************* currentProbability > probability *****************************************
INFO:pick: 1| patientId: 1| ratio: 0.75| QoS Requirement: CostQoS
INFO:ratio: 0.75| valueProbability: 0.0| probability: 0.014348992559978124
INFO:currentProbability (ratio + valueProbability): 0.75
INFO:-> invokeCompositeService
INFO:************************* currentProbability > probability *****************************************
INFO:pick: 1| patientId: 1| ratio: 0.75| QoS Requirement: CostQoS
INFO:ratio: 0.75| valueProbability: 0.0| probability: 0.1851602061153792
INFO:currentProbability (ratio + valueProbability): 0.75
INFO:-> invokeCompositeService
INFO:************************* currentProbability > probability *****************************************
INFO:pick: 1| patientId: 1| ratio: 0.75| QoS Requirement: CostQoS
INFO:ratio: 0.75| valueProbability: 0.0| probability: 0.2974393237471207
INFO:currentProbability (ratio + valueProbability): 0.75
INFO:-> invokeCompositeService
INFO:************************* currentProbability > probability *****************************************
INFO:pick: 1| patientId: 1| ratio: 0.75| QoS Requirement: CostQoS
INFO:ratio: 0.75| valueProbability: 0.0| probability: 0.4627919807871981
INFO:currentProbability (ratio + valueProbability): 0.75
INFO:-> invokeCompositeService
INFO:***************************** currentProbability <= probability ****************************************
INFO:valueProbability: 0.75| probability: 0.9012261571278652
INFO:valueProbability = valueProbability + ratio
INFO:************************* currentProbability > probability *****************************************
INFO:pick: 2| patientId: 1| ratio: 0.25| QoS Requirement: CostQoS
INFO:ratio: 0.25| valueProbability: 0.75| probability: 0.9012261571278652
INFO:currentProbability (ratio + valueProbability): 1.0
INFO:-> invokeCompositeService
INFO:***************************** currentProbability <= probability ****************************************
INFO:valueProbability: 0.75| probability: 0.8457083029179528
INFO:valueProbability = valueProbability + ratio
INFO:************************* currentProbability > probability *****************************************
INFO:pick: 2| patientId: 1| ratio: 0.25| QoS Requirement: CostQoS
INFO:ratio: 0.25| valueProbability: 0.75| probability: 0.8457083029179528
INFO:currentProbability (ratio + valueProbability): 1.0
INFO:-> invokeCompositeService
INFO:************************* currentProbability > probability *****************************************
INFO:pick: 1| patientId: 1| ratio: 0.75| QoS Requirement: CostQoS
INFO:ratio: 0.75| valueProbability: 0.0| probability: 0.026263065125238128
INFO:currentProbability (ratio + valueProbability): 0.75
INFO:-> invokeCompositeService
INFO:************************* currentProbability > probability *****************************************
INFO:pick: 1| patientId: 1| ratio: 0.75| QoS Requirement: CostQoS
INFO:ratio: 0.75| valueProbability: 0.0| probability: 0.02135433015404753
INFO:currentProbability (ratio + valueProbability): 0.75
INFO:-> invokeCompositeService
INFO:************************* currentProbability > probability *****************************************
INFO:pick: 1| patientId: 1| ratio: 0.75| QoS Requirement: CostQoS
INFO:ratio: 0.75| valueProbability: 0.0| probability: 0.0138494218322609
INFO:currentProbability (ratio + valueProbability): 0.75
INFO:-> invokeCompositeService
INFO:***************************** currentProbability <= probability ****************************************
INFO:valueProbability: 0.75| probability: 0.9183133399899025
INFO:valueProbability = valueProbability + ratio
INFO:************************* currentProbability > probability *****************************************
INFO:pick: 2| patientId: 1| ratio: 0.25| QoS Requirement: CostQoS
INFO:ratio: 0.25| valueProbability: 0.75| probability: 0.9183133399899025
INFO:currentProbability (ratio + valueProbability): 1.0
INFO:-> invokeCompositeService
INFO:************************* currentProbability > probability *****************************************
INFO:pick: 1| patientId: 1| ratio: 0.75| QoS Requirement: CostQoS
INFO:ratio: 0.75| valueProbability: 0.0| probability: 0.41307660477629304
INFO:currentProbability (ratio + valueProbability): 0.75
INFO:-> invokeCompositeService
INFO:************************* currentProbability > probability *****************************************
INFO:pick: 1| patientId: 1| ratio: 0.75| QoS Requirement: CostQoS
INFO:ratio: 0.75| valueProbability: 0.0| probability: 0.4999122702658936
INFO:currentProbability (ratio + valueProbability): 0.75
INFO:-> invokeCompositeService
INFO:************************* currentProbability > probability *****************************************
INFO:pick: 1| patientId: 1| ratio: 0.75| QoS Requirement: CostQoS
INFO:ratio: 0.75| valueProbability: 0.0| probability: 0.03875716067443147
INFO:currentProbability (ratio + valueProbability): 0.75
INFO:-> invokeCompositeService
INFO:************************* currentProbability > probability *****************************************
INFO:pick: 1| patientId: 1| ratio: 0.75| QoS Requirement: CostQoS
INFO:ratio: 0.75| valueProbability: 0.0| probability: 0.6041568185342607
INFO:currentProbability (ratio + valueProbability): 0.75
INFO:-> invokeCompositeService
INFO:************************* currentProbability > probability *****************************************
INFO:pick: 1| patientId: 1| ratio: 0.75| QoS Requirement: CostQoS
INFO:ratio: 0.75| valueProbability: 0.0| probability: 0.5925272371165442
INFO:currentProbability (ratio + valueProbability): 0.75
INFO:-> invokeCompositeService
INFO:************************* currentProbability > probability *****************************************
INFO:pick: 1| patientId: 1| ratio: 0.75| QoS Requirement: CostQoS
INFO:ratio: 0.75| valueProbability: 0.0| probability: 0.48460313174210745
INFO:currentProbability (ratio + valueProbability): 0.75
INFO:-> invokeCompositeService
INFO:***************************** currentProbability <= probability ****************************************
INFO:valueProbability: 0.75| probability: 0.8723893247175379
INFO:valueProbability = valueProbability + ratio
INFO:************************* currentProbability > probability *****************************************
INFO:pick: 2| patientId: 1| ratio: 0.25| QoS Requirement: CostQoS
INFO:ratio: 0.25| valueProbability: 0.75| probability: 0.8723893247175379
INFO:currentProbability (ratio + valueProbability): 1.0
INFO:-> invokeCompositeService
INFO:***************************** currentProbability <= probability ****************************************
INFO:valueProbability: 0.75| probability: 0.8884157695939768
INFO:valueProbability = valueProbability + ratio
INFO:************************* currentProbability > probability *****************************************
INFO:pick: 2| patientId: 1| ratio: 0.25| QoS Requirement: CostQoS
INFO:ratio: 0.25| valueProbability: 0.75| probability: 0.8884157695939768
INFO:currentProbability (ratio + valueProbability): 1.0
INFO:-> invokeCompositeService
INFO:************************* currentProbability > probability *****************************************
INFO:pick: 1| patientId: 1| ratio: 0.75| QoS Requirement: CostQoS
INFO:ratio: 0.75| valueProbability: 0.0| probability: 0.6783942006763306
INFO:currentProbability (ratio + valueProbability): 0.75
INFO:-> invokeCompositeService
INFO:************************* currentProbability > probability *****************************************
INFO:pick: 1| patientId: 1| ratio: 0.75| QoS Requirement: CostQoS
INFO:ratio: 0.75| valueProbability: 0.0| probability: 0.18859196063630046
INFO:currentProbability (ratio + valueProbability): 0.75
INFO:-> invokeCompositeService
INFO:************************* currentProbability > probability *****************************************
INFO:pick: 1| patientId: 1| ratio: 0.75| QoS Requirement: CostQoS
INFO:ratio: 0.75| valueProbability: 0.0| probability: 0.6647117157368586
INFO:currentProbability (ratio + valueProbability): 0.75
INFO:-> invokeCompositeService
INFO:***************************** currentProbability <= probability ****************************************
INFO:valueProbability: 0.75| probability: 0.9868712378804874
INFO:valueProbability = valueProbability + ratio
INFO:************************* currentProbability > probability *****************************************
INFO:pick: 2| patientId: 1| ratio: 0.25| QoS Requirement: CostQoS
INFO:ratio: 0.25| valueProbability: 0.75| probability: 0.9868712378804874
INFO:currentProbability (ratio + valueProbability): 1.0
INFO:-> invokeCompositeService
INFO:************************* currentProbability > probability *****************************************
INFO:pick: 1| patientId: 1| ratio: 0.75| QoS Requirement: CostQoS
INFO:ratio: 0.75| valueProbability: 0.0| probability: 0.6623010090701764
INFO:currentProbability (ratio + valueProbability): 0.75
INFO:-> invokeCompositeService
INFO:************************* currentProbability > probability *****************************************
INFO:pick: 1| patientId: 1| ratio: 0.75| QoS Requirement: CostQoS
INFO:ratio: 0.75| valueProbability: 0.0| probability: 0.7075525822967204
INFO:currentProbability (ratio + valueProbability): 0.75
INFO:-> invokeCompositeService
INFO:************************* currentProbability > probability *****************************************
INFO:pick: 1| patientId: 1| ratio: 0.75| QoS Requirement: CostQoS
INFO:ratio: 0.75| valueProbability: 0.0| probability: 0.363673106060715
INFO:currentProbability (ratio + valueProbability): 0.75
INFO:-> invokeCompositeService
INFO:************************* currentProbability > probability *****************************************
INFO:pick: 1| patientId: 1| ratio: 0.75| QoS Requirement: CostQoS
INFO:ratio: 0.75| valueProbability: 0.0| probability: 0.5112826956902577
INFO:currentProbability (ratio + valueProbability): 0.75
INFO:-> invokeCompositeService
INFO:***************************** currentProbability <= probability ****************************************
INFO:valueProbability: 0.75| probability: 0.8243836919218165
INFO:valueProbability = valueProbability + ratio
INFO:************************* currentProbability > probability *****************************************
INFO:pick: 2| patientId: 1| ratio: 0.25| QoS Requirement: CostQoS
INFO:ratio: 0.25| valueProbability: 0.75| probability: 0.8243836919218165
INFO:currentProbability (ratio + valueProbability): 1.0
INFO:-> invokeCompositeService
INFO:************************* currentProbability > probability *****************************************
INFO:pick: 1| patientId: 1| ratio: 0.75| QoS Requirement: CostQoS
INFO:ratio: 0.75| valueProbability: 0.0| probability: 0.6384613299159791
INFO:currentProbability (ratio + valueProbability): 0.75
INFO:-> invokeCompositeService
INFO:************************* currentProbability > probability *****************************************
INFO:pick: 1| patientId: 1| ratio: 0.75| QoS Requirement: CostQoS
INFO:ratio: 0.75| valueProbability: 0.0| probability: 0.48806431681296114
INFO:currentProbability (ratio + valueProbability): 0.75
INFO:-> invokeCompositeService
INFO:************************* currentProbability > probability *****************************************
INFO:pick: 1| patientId: 1| ratio: 0.75| QoS Requirement: CostQoS
INFO:ratio: 0.75| valueProbability: 0.0| probability: 0.32645976034669544
INFO:currentProbability (ratio + valueProbability): 0.75
INFO:-> invokeCompositeService
INFO:************************* currentProbability > probability *****************************************
INFO:pick: 1| patientId: 1| ratio: 0.75| QoS Requirement: CostQoS
INFO:ratio: 0.75| valueProbability: 0.0| probability: 0.5167859311588917
INFO:currentProbability (ratio + valueProbability): 0.75
INFO:-> invokeCompositeService
INFO:************************* currentProbability > probability *****************************************
INFO:pick: 1| patientId: 1| ratio: 0.75| QoS Requirement: CostQoS
INFO:ratio: 0.75| valueProbability: 0.0| probability: 0.2812164643769314
INFO:currentProbability (ratio + valueProbability): 0.75
INFO:-> invokeCompositeService
INFO:************************* currentProbability > probability *****************************************
INFO:pick: 1| patientId: 1| ratio: 0.75| QoS Requirement: CostQoS
INFO:ratio: 0.75| valueProbability: 0.0| probability: 0.1307631059465033
INFO:currentProbability (ratio + valueProbability): 0.75
INFO:-> invokeCompositeService
INFO:************************* currentProbability > probability *****************************************
INFO:pick: 1| patientId: 1| ratio: 0.75| QoS Requirement: CostQoS
INFO:ratio: 0.75| valueProbability: 0.0| probability: 0.385438505421811
INFO:currentProbability (ratio + valueProbability): 0.75
INFO:-> invokeCompositeService
INFO:************************* currentProbability > probability *****************************************
INFO:pick: 1| patientId: 1| ratio: 0.75| QoS Requirement: CostQoS
INFO:ratio: 0.75| valueProbability: 0.0| probability: 0.5958898701080004
INFO:currentProbability (ratio + valueProbability): 0.75
INFO:-> invokeCompositeService
INFO:************************* currentProbability > probability *****************************************
INFO:pick: 1| patientId: 1| ratio: 0.75| QoS Requirement: CostQoS
INFO:ratio: 0.75| valueProbability: 0.0| probability: 0.7216978316170287
INFO:currentProbability (ratio + valueProbability): 0.75
INFO:-> invokeCompositeService
INFO:************************* currentProbability > probability *****************************************
INFO:pick: 1| patientId: 1| ratio: 0.75| QoS Requirement: CostQoS
INFO:ratio: 0.75| valueProbability: 0.0| probability: 1.2605872756421554E-5
INFO:currentProbability (ratio + valueProbability): 0.75
INFO:-> invokeCompositeService
INFO:***************************** currentProbability <= probability ****************************************
INFO:valueProbability: 0.75| probability: 0.9238962605906914
INFO:valueProbability = valueProbability + ratio
INFO:************************* currentProbability > probability *****************************************
INFO:pick: 2| patientId: 1| ratio: 0.25| QoS Requirement: CostQoS
INFO:ratio: 0.25| valueProbability: 0.75| probability: 0.9238962605906914
INFO:currentProbability (ratio + valueProbability): 1.0
INFO:-> invokeCompositeService
INFO:************************* currentProbability > probability *****************************************
INFO:pick: 1| patientId: 1| ratio: 0.75| QoS Requirement: CostQoS
INFO:ratio: 0.75| valueProbability: 0.0| probability: 0.22548174879121285
INFO:currentProbability (ratio + valueProbability): 0.75
INFO:-> invokeCompositeService
INFO:************************* currentProbability > probability *****************************************
INFO:pick: 1| patientId: 1| ratio: 0.75| QoS Requirement: CostQoS
INFO:ratio: 0.75| valueProbability: 0.0| probability: 0.4552325202034814
INFO:currentProbability (ratio + valueProbability): 0.75
INFO:-> invokeCompositeService
INFO:************************* currentProbability > probability *****************************************
INFO:pick: 1| patientId: 1| ratio: 0.75| QoS Requirement: CostQoS
INFO:ratio: 0.75| valueProbability: 0.0| probability: 0.6432949077080767
INFO:currentProbability (ratio + valueProbability): 0.75
INFO:-> invokeCompositeService
INFO:************************* currentProbability > probability *****************************************
INFO:pick: 1| patientId: 1| ratio: 0.75| QoS Requirement: CostQoS
INFO:ratio: 0.75| valueProbability: 0.0| probability: 0.27091575952671487
INFO:currentProbability (ratio + valueProbability): 0.75
INFO:-> invokeCompositeService
INFO:************************* currentProbability > probability *****************************************
INFO:pick: 1| patientId: 1| ratio: 0.75| QoS Requirement: CostQoS
INFO:ratio: 0.75| valueProbability: 0.0| probability: 0.25058930804712476
INFO:currentProbability (ratio + valueProbability): 0.75
INFO:-> invokeCompositeService
INFO:***************************** currentProbability <= probability ****************************************
INFO:valueProbability: 0.75| probability: 0.8510346852521914
INFO:valueProbability = valueProbability + ratio
INFO:************************* currentProbability > probability *****************************************
INFO:pick: 2| patientId: 1| ratio: 0.25| QoS Requirement: CostQoS
INFO:ratio: 0.25| valueProbability: 0.75| probability: 0.8510346852521914
INFO:currentProbability (ratio + valueProbability): 1.0
INFO:-> invokeCompositeService
INFO:************* After executing workflow!! *************
